#
# A fatal error has been detected by the Java Runtime Environment:
#
#  EXCEPTION_ACCESS_VIOLATION (0xc0000005) at pc=0x00007fff37f0ba41, pid=15396, tid=24864
#
# JRE version: OpenJDK Runtime Environment Zulu24.32+13-CA (24.0.2+12) (build 24.0.2+12)
# Java VM: OpenJDK 64-Bit Server VM Zulu24.32+13-CA (24.0.2+12, mixed mode, sharing, tiered, compressed oops, compressed class ptrs, g1 gc, windows-amd64)
# Problematic frame:
# C  [awt.dll+0xdba41]
#
# No core dump will be written. Minidumps are not enabled by default on client versions of Windows
#
# If you would like to submit a bug report, please visit:
#   http://www.azul.com/support/
# The crash happened outside the Java Virtual Machine in native code.
# See problematic frame for where to report the bug.
#

---------------  S U M M A R Y ------------

Command Line: -Dfile.encoding=UTF-8 --module-path=C:\Users\amade\Desktop\OOP_Project-initializer-changes\Stage 3\Swiftbytes\build\classes swiftbytes.LoginGUI

Host: 12th Gen Intel(R) Core(TM) i9-12900K, 24 cores, 31G,  Windows 11 , 64 bit Build 26100 (10.0.26100.7019)
Time: Sat Nov 29 21:23:45 2025 Mountain Standard Time elapsed time: 22210.478466 seconds (0d 6h 10m 10s)

---------------  T H R E A D  ---------------

Current thread (0x00000227c171d370):  JavaThread "AWT-Windows" daemon [_thread_in_native, id=24864, stack(0x000000e7a3000000,0x000000e7a3100000) (1024K)]

Stack: [0x000000e7a3000000,0x000000e7a3100000],  sp=0x000000e7a30fead0,  free space=1018k
Native frames: (J=compiled Java code, j=interpreted, Vv=VM code, C=native code)
C  [awt.dll+0xdba41]  (no source info available)
C  [awt.dll+0x9786c]  (no source info available)
C  [awt.dll+0x97916]  (no source info available)
C  [awt.dll+0x94cff]  (no source info available)
C  [awt.dll+0xdfddc]  (no source info available)
C  [awt.dll+0xb0d4d]  (no source info available)
C  [awt.dll+0x97e4d]  (no source info available)
C  [USER32.dll+0x17846]  (no source info available)
C  [USER32.dll+0x1730c]  (no source info available)
C  [awt.dll+0x16543]  (no source info available)
C  [COMCTL32.dll+0x2cec8]  (no source info available)
C  [COMCTL32.dll+0x2cc9f]  (no source info available)
C  [USER32.dll+0x17846]  (no source info available)
C  [USER32.dll+0x1539d]  (no source info available)
C  [awt.dll+0xd508e]  (no source info available)
C  [awt.dll+0xd6e82]  (no source info available)
C  0x00000227d8d2ce20  (no source info available)

The last pc belongs to native method entry point (kind = native) (printed below).
Java frames: (J=compiled Java code, j=interpreted, Vv=VM code)
j  sun.awt.windows.WToolkit.eventLoop()V+0 java.desktop@24.0.2
j  sun.awt.windows.WToolkit.run()V+56 java.desktop@24.0.2
j  java.lang.Thread.runWith(Ljava/lang/Object;Ljava/lang/Runnable;)V+5 java.base@24.0.2
j  java.lang.Thread.run()V+19 java.base@24.0.2
v  ~StubRoutines::call_stub 0x00000227d8d20fcd

siginfo: EXCEPTION_ACCESS_VIOLATION (0xc0000005), reading address 0x0000000000000008


Registers:
RAX=0x0000000000000000, RBX=0x00000227c1b13c70, RCX=0x0000000000000000, RDX=0x0000000000000000
RSP=0x000000e7a30fead0, RBP=0x000000e7a30febd9, RSI=0x0000000073010b2f, RDI=0x0000000000000000
R8 =0x0000000000000001, R9 =0x000000e7a1535000, R10=0x0000000000000000, R11=0x0000000000000246
R12=0x0000000000000000, R13=0x0000000000000310, R14=0x0000000000000000, R15=0x0000000000000000
RIP=0x00007fff37f0ba41, EFLAGS=0x0000000000010246

XMM[0]=0x0000000000000000 0x0000000000000000
XMM[1]=0x0000000000000000 0x0000000000000000
XMM[2]=0x0000000000000000 0x0000000000000000
XMM[3]=0x0000000000000000 0x0000000000000000
XMM[4]=0x0000000000000000 0x0000000000000000
XMM[5]=0x0000000000000000 0x0000000000000000
XMM[6]=0x0000000000000000 0x0000000000000000
XMM[7]=0x0000000000000000 0x0000000000000000
XMM[8]=0x0000000000000000 0x0000000000000000
XMM[9]=0x0000000000000000 0x0000000000000000
XMM[10]=0x0000000000000000 0x0000000000000000
XMM[11]=0x0000000000000000 0x0000000000000000
XMM[12]=0x0000000000000000 0x0000000000000000
XMM[13]=0x0000000000000000 0x0000000000000000
XMM[14]=0x0000000000000000 0x0000000000000000
XMM[15]=0x0000000000000000 0x0000000000000000
  MXCSR=0x00001fa0


Register to memory mapping:

RAX=0x0 is null
RBX=0x00000227c1b13c70 points into unknown readable memory: 0x00000227f0ca97e0 | e0 97 ca f0 27 02 00 00
RCX=0x0 is null
RDX=0x0 is null
RSP=0x000000e7a30fead0 is pointing into the stack for thread: 0x00000227c171d370
RBP=0x000000e7a30febd9 is pointing into the stack for thread: 0x00000227c171d370
RSI=0x0000000073010b2f is an unknown value
RDI=0x0 is null
R8 =0x0000000000000001 is an unknown value
R9 =0x000000e7a1535000 points into unknown readable memory: 0x0000000000000000 | 00 00 00 00 00 00 00 00
R10=0x0 is null
R11=0x0000000000000246 is an unknown value
R12=0x0 is null
R13=0x0000000000000310 is an unknown value
R14=0x0 is null
R15=0x0 is null

Top of Stack: (sp=0x000000e7a30fead0)
0x000000e7a30fead0:   00007fff37f67838 0000000073010b2f   8x.7..../..s....
0x000000e7a30feae0:   0000000000000000 0000000000000000   ................
0x000000e7a30feaf0:   0000000000000000 00007fff37ec786c   ........lx.7....
0x000000e7a30feb00:   0000000073010b2f 00000227f11c1500   /..s........'...
0x000000e7a30feb10:   00000227c1b13c70 000000e7a30fee48   p<..'...H.......
0x000000e7a30feb20:   0000000000000000 00007fff37ec7916   .........y.7....
0x000000e7a30feb30:   00000227f11c1500 00007fff37e30000   ....'......7....
0x000000e7a30feb40:   000000e7a30fec38 00007fff9987cec8   8...............
0x000000e7a30feb50:   0000000000000000 00007fff37ec4cff   .........L.7....
0x000000e7a30feb60:   00000227f11c1500 0000000000000000   ....'...........
0x000000e7a30feb70:   00007fff37ec7df0 00007fffb4f9a3ee   .}.7............
0x000000e7a30feb80:   00007ffef960a9a0 00007fffb31709c9   ..`.............
0x000000e7a30feb90:   000000e7a30fec30 0000000000000001   0...............
0x000000e7a30feba0:   0000000000000000 000000e7a30fec38   ........8.......
0x000000e7a30febb0:   0000000000000000 0000000000000000   ................
0x000000e7a30febc0:   0000000000000000 00000227c171d738   ........8.q.'...
0x000000e7a30febd0:   00000227f11c15a0 0000000000000000   ....'...........
0x000000e7a30febe0:   0000000000000000 0000c89d5244ebe7   ..........DR....
0x000000e7a30febf0:   0000000000000000 0000000000000000   ................
0x000000e7a30fec00:   0000000000000000 0000000000000000   ................
0x000000e7a30fec10:   0000000000000000 0000000000000310   ................
0x000000e7a30fec20:   0000000000000000 00000227f11c1500   ............'...
0x000000e7a30fec30:   00000227f11c1500 00007fff37f0fddc   ....'......7....
0x000000e7a30fec40:   0000000000000000 00005b856e0e7f5d   ........]..n.[..
0x000000e7a30fec50:   00006f689b9ba751 0000000000000022   Q...ho..".......
0x000000e7a30fec60:   000000000000c28f 0000000000000000   ................
0x000000e7a30fec70:   0000000000000000 00007fffb3147a19   .........z......
0x000000e7a30fec80:   0000000000000000 0000000000000001   ................
0x000000e7a30fec90:   0000000000000022 00007fffb4f8a6af   "...............
0x000000e7a30feca0:   00000000006b0734 00007fffb3148cfa   4.k.............
0x000000e7a30fecb0:   ffffffffffffffeb 0000c89d5244ecc7   ..........DR....
0x000000e7a30fecc0:   00000227c7110040 0000000000000000   @...'...........

Instructions: (pc=0x00007fff37f0ba41)
  0x00007fff37f0b941:   83 ec 28 66 0f 6e c2 0f 5b c0 f3 0f 59 41 48 0f
  0x00007fff37f0b951:   5a c8 f2 0f 10 05 1d 32 03 00 f2 0f 5c 0d a5 32
  0x00007fff37f0b961:   01 00 66 0f 2f c1 76 0a b8 00 00 00 80 48 83 c4
  0x00007fff37f0b971:   28 c3 66 0f 2f 0d 25 7c 02 00 76 0a b8 ff ff ff
  0x00007fff37f0b981:   7f 48 83 c4 28 c3 0f 28 c1 e8 cf fb 00 00 f2 0f
  0x00007fff37f0b991:   2c c0 48 83 c4 28 c3 cc cc cc cc cc cc cc cc 48
  0x00007fff37f0b9a1:   83 ec 28 66 0f 6e c2 0f 5b c0 f3 0f 59 41 4c 0f
  0x00007fff37f0b9b1:   5a c8 f2 0f 10 05 bd 31 03 00 f2 0f 5c 0d 45 32
  0x00007fff37f0b9c1:   01 00 66 0f 2f c1 76 0a b8 00 00 00 80 48 83 c4
  0x00007fff37f0b9d1:   28 c3 66 0f 2f 0d c5 7b 02 00 76 0a b8 ff ff ff
  0x00007fff37f0b9e1:   7f 48 83 c4 28 c3 0f 28 c1 e8 6f fb 00 00 f2 0f
  0x00007fff37f0b9f1:   2c c0 48 83 c4 28 c3 cc cc cc cc cc cc cc cc 48
  0x00007fff37f0ba01:   8b 49 08 48 85 c9 0f 85 e3 81 fe ff 33 c0 c3 48
  0x00007fff37f0ba11:   89 5c 24 08 48 89 74 24 10 57 48 83 ec 20 8b fa
  0x00007fff37f0ba21:   48 8b f1 e8 a7 c5 f4 ff 48 8b d8 48 89 44 24 40
  0x00007fff37f0ba31:   41 b8 01 00 00 00 8b d7 48 8b c8 e8 0f c5 f4 ff
=>0x00007fff37f0ba41:   48 8b 48 08 48 85 c9 74 0d 48 8b d6 e8 9e 81 fe
  0x00007fff37f0ba51:   ff 48 8b f8 eb 02 33 ff 48 8b cb e8 2f c7 f4 ff
  0x00007fff37f0ba61:   90 48 8b c7 48 8b 5c 24 30 48 8b 74 24 38 48 83
  0x00007fff37f0ba71:   c4 20 5f c3 cc cc cc cc cc cc cc cc cc cc cc 48
  0x00007fff37f0ba81:   8b 01 89 10 c3 cc cc cc cc cc cc cc cc cc cc 40
  0x00007fff37f0ba91:   57 48 83 ec 40 48 83 79 38 00 48 8b f9 0f 84 96
  0x00007fff37f0baa1:   01 00 00 48 8b 0d 7d 83 06 00 ba 02 00 01 00 48
  0x00007fff37f0bab1:   89 5c 24 58 48 89 74 24 68 e8 70 c5 00 00 4c 8b
  0x00007fff37f0bac1:   05 72 88 06 00 48 8b c8 48 8b 57 38 48 8b d8 4c
  0x00007fff37f0bad1:   8b 08 41 ff 91 f8 02 00 00 48 8b f0 48 85 c0 0f
  0x00007fff37f0bae1:   84 4a 01 00 00 4c 8b 0b 48 8b d0 4c 8b 05 35 88
  0x00007fff37f0baf1:   06 00 48 8b cb 41 ff 91 00 01 00 00 84 c0 0f 84
  0x00007fff37f0bb01:   2b 01 00 00 48 8b 7f 08 48 8b d6 48 8b 03 48 8b
  0x00007fff37f0bb11:   cb 4c 8b 05 27 88 06 00 48 81 c7 00 04 00 00 48
  0x00007fff37f0bb21:   89 6c 24 60 4c 89 64 24 38 ff 90 f8 02 00 00 4c
  0x00007fff37f0bb31:   8b 0b 48 8b d6 4c 8b 05 0b 88 06 00 48 8b cb 4c


Stack slot to memory mapping:

stack at sp + 0 slots: 0x00007fff37f67838 awt.dll
stack at sp + 1 slots: 0x0000000073010b2f is an unknown value
stack at sp + 2 slots: 0x0 is null
stack at sp + 3 slots: 0x0 is null
stack at sp + 4 slots: 0x0 is null
stack at sp + 5 slots: 0x00007fff37ec786c awt.dll
stack at sp + 6 slots: 0x0000000073010b2f is an unknown value
stack at sp + 7 slots: 0x00000227f11c1500 points into unknown readable memory: 0x00007fff37f3a860 | 60 a8 f3 37 ff 7f 00 00

Lock stack of current Java thread (top to bottom):

native method entry point (kind = native)  [0x00000227d8d2ca40, 0x00000227d8d2d478]  2616 bytes
[MachCode]
  0x00000227d8d2ca40: 488b 4b08 | 0fb7 492e | 584c 8d74 | ccf8 6800 | 0000 0068 | 0000 0000 | 5055 488b | ec41 5568 
  0x00000227d8d2ca60: 0000 0000 | 4c8b 6b08 | 4d8d 6d38 | 5348 8b53 | 0848 8b52 | 0848 8b52 | 1848 8b52 | 7048 8b12 
  0x00000227d8d2ca80: 5248 8b53 | 1048 85d2 | 0f84 0700 | 0000 4881 | c208 0100 | 0052 488b | 5308 488b | 5208 488b 
  0x00000227d8d2caa0: 5210 5249 | 8bc6 482b | c548 c1e8 | 0350 6800 | 0000 0068 | f7ff ffff | 41c6 8771 | 0400 0001 
  0x00000227d8d2cac0: 488b 4310 | 4885 c074 | 208b 88cc | 0000 0083 | c102 8988 | cc00 0000 | 2388 e000 | 0000 0f84 
  0x00000227d8d2cae0: e408 0000 | e9cd 0000 | 0048 8b43 | 1848 85c0 | 0f85 b000 | 0000 e805 | 0000 00e9 | 9900 0000 
  0x00000227d8d2cb00: 488b d348 | 8d44 2408 | 4c89 6dc0 | 498b cfc5 | f877 4989 | afb8 0300 | 0049 8987 | a803 0000 
  0x00000227d8d2cb20: 4883 ec20 | 40f6 c40f | 0f84 1900 | 0000 4883 | ec08 48b8 | e016 60f9 | fe7f 0000 | ffd0 4883 
  0x00000227d8d2cb40: c408 e90c | 0000 0048 | b8e0 1660 | f9fe 7f00 | 00ff d048 | 83c4 2049 | c787 a803 | 0000 0000 
  0x00000227d8d2cb60: 0000 49c7 | 87b8 0300 | 0000 0000 | 0049 c787 | b003 0000 | 0000 0000 | c5f8 7749 | 837f 0800 
  0x00000227d8d2cb80: 0f84 0500 | 0000 e935 | 43ff ff4c | 8b6d c04c | 8b75 c84e | 8d74 f500 | c348 8b43 | 1848 85c0 
  0x00000227d8d2cba0: 0f84 1000 | 0000 8b08 | 83c1 0289 | 0823 4814 | 0f84 1208 | 0000 493b | a7f0 0400 | 000f 8748 
  0x00000227d8d2cbc0: 0000 0089 | 8424 00f0 | ffff 8984 | 2400 e0ff | ff89 8424 | 00d0 ffff | 8984 2400 | c0ff ff89 
  0x00000227d8d2cbe0: 8424 00b0 | ffff 8984 | 2400 a0ff | ff89 8424 | 0090 ffff | 8984 2400 | 80ff ff49 | 3ba7 e804 
  0x00000227d8d2cc00: 0000 7607 | 4989 a7f0 | 0400 0041 | c687 7104 | 0000 0048 | 8b5d e84c | 8b5b 0845 | 0fb7 5b2e 
  0x00000227d8d2cc20: 41c1 e303 | 492b e348 | 83ec 2048 | 83e4 f04c | 8b5b 604d | 85db 0f85 | ab00 0000 | e805 0000 
  0x00000227d8d2cc40: 00e9 9900 | 0000 488b | d348 8d44 | 2408 4c89 | 6dc0 498b | cfc5 f877 | 4989 afb8 | 0300 0049 
  0x00000227d8d2cc60: 8987 a803 | 0000 4883 | ec20 40f6 | c40f 0f84 | 1900 0000 | 4883 ec08 | 48b8 0041 | 60f9 fe7f 
  0x00000227d8d2cc80: 0000 ffd0 | 4883 c408 | e90c 0000 | 0048 b800 | 4160 f9fe | 7f00 00ff | d048 83c4 | 2049 c787 
  0x00000227d8d2cca0: a803 0000 | 0000 0000 | 49c7 87b8 | 0300 0000 | 0000 0049 | c787 b003 | 0000 0000 | 0000 c5f8 
  0x00000227d8d2ccc0: 7749 837f | 0800 0f84 | 0500 0000 | e9ef 41ff | ff4c 8b6d | c04c 8b75 | c84e 8d74 | f500 c348 
  0x00000227d8d2cce0: 8b5d e84c | 8b5b 6041 | ffd3 488b | 5de8 4889 | 4518 448b | 5b28 41f6 | c308 0f84 | 1b00 0000 
  0x00000227d8d2cd00: 4c8b 5b08 | 4d8b 5b08 | 4d8b 5b18 | 4d8b 5b70 | 4d8b 1b4c | 895d 1048 | 8d55 1048 | 8b43 5849 
  0x00000227d8d2cd20: ba70 8c99 | f9fe 7f00 | 0049 3bc2 | 0f85 ab00 | 0000 e805 | 0000 00e9 | 9900 0000 | 488b d348 
  0x00000227d8d2cd40: 8d44 2408 | 4c89 6dc0 | 498b cfc5 | f877 4989 | afb8 0300 | 0049 8987 | a803 0000 | 4883 ec20 
  0x00000227d8d2cd60: 40f6 c40f | 0f84 1900 | 0000 4883 | ec08 48b8 | 0041 60f9 | fe7f 0000 | ffd0 4883 | c408 e90c 
  0x00000227d8d2cd80: 0000 0048 | b800 4160 | f9fe 7f00 | 00ff d048 | 83c4 2049 | c787 a803 | 0000 0000 | 0000 49c7 
  0x00000227d8d2cda0: 87b8 0300 | 0000 0000 | 0049 c787 | b003 0000 | 0000 0000 | c5f8 7749 | 837f 0800 | 0f84 0500 
  0x00000227d8d2cdc0: 0000 e9f9 | 40ff ff4c | 8b6d c04c | 8b75 c84e | 8d74 f500 | c348 8b5d | e848 8b43 | 5849 8d8f 
  0x00000227d8d2cde0: c803 0000 | 4c8d 15d5 | 0000 004d | 8997 b003 | 0000 c5f8 | 7749 89af | b803 0000 | 4989 a7a8 
  0x00000227d8d2ce00: 0300 0041 | c787 5404 | 0000 0400 | 0000 493b | a748 0500 | 0076 0749 | 89a7 4805 | 0000 ffd0 
  0x00000227d8d2ce20: 493b a748 | 0500 0072 | 0b49 c787 | 4805 0000 | 0000 0000 | c5f8 7748 | 83ec 10c5 | fb11 0424 
  0x00000227d8d2ce40: 4883 ec10 | 4889 0424 | 48c7 4424 | 0800 0000 | 0041 c787 | 5404 0000 | 0500 0000 | f083 4424 
  0x00000227d8d2ce60: c000 493b | 6f28 0f87 | 0e00 0000 | 4183 bf50 | 0400 0000 | 0f84 2000 | 0000 498b | cf4c 8be4 
  0x00000227d8d2ce80: 4883 ec20 | 4883 e4f0 | 48b8 f0a5 | 61f9 fe7f | 0000 ffd0 | 498b e44d | 33e4 41c7 | 8754 0400 
  0x00000227d8d2cea0: 0008 0000 | 004d 8b97 | 7005 0000 | 4983 fa00 | 7435 49c7 | 8770 0500 | 0000 0000 | 0041 ffe2 
  0x00000227d8d2cec0: 49ba 00bb | d2d8 2702 | 0000 41ff | d248 83ec | 10c5 fb11 | 0424 4883 | ec10 4889 | 0424 48c7 
  0x00000227d8d2cee0: 4424 0800 | 0000 0049 | c787 a803 | 0000 0000 | 0000 49c7 | 87b8 0300 | 0000 0000 | 0049 c787 
  0x00000227d8d2cf00: b003 0000 | 0000 0000 | c5f8 774d | 8b9f 3804 | 0000 41c7 | 8300 0100 | 0000 0000 | 0049 bb3a 
  0x00000227d8d2cf20: a4d2 d827 | 0200 004c | 3b5d 180f | 8555 0100 | 0048 8b04 | 2448 83c4 | 1048 85c0 | 0f84 2f01 
  0x00000227d8d2cf40: 0000 a803 | 0f85 0800 | 0000 488b | 00e9 1f01 | 0000 a801 | 0f85 0900 | 0000 488b | 40fe e90e 
  0x00000227d8d2cf60: 0100 0048 | 8b40 ff41 | 807f 4800 | 0f84 ff00 | 0000 4883 | f800 0f84 | f500 0000 | 4d8b 5f38 
  0x00000227d8d2cf80: 4d85 db0f | 8414 0000 | 0049 83eb | 084d 895f | 384d 035f | 4049 8903 | e9d4 0000 | 0048 83ec 
  0x00000227d8d2cfa0: 7048 8904 | 2448 894c | 2408 4889 | 5424 104c | 8944 2418 | 4c89 4c24 | 204c 8954 | 2428 4c89 
  0x00000227d8d2cfc0: 5c24 30c5 | fb11 4424 | 40c5 fb11 | 4c24 48c5 | fb11 5424 | 50c5 fb11 | 5c24 58c5 | fb11 6424 
  0x00000227d8d2cfe0: 60c5 fb11 | 6c24 6849 | 8bd7 488b | c848 83ec | 2040 f6c4 | 0f0f 8419 | 0000 0048 | 83ec 0848 
  0x00000227d8d2d000: b8e0 1854 | f9fe 7f00 | 00ff d048 | 83c4 08e9 | 0c00 0000 | 48b8 e018 | 54f9 fe7f | 0000 ffd0 
  0x00000227d8d2d020: 4883 c420 | c5fb 106c | 2468 c5fb | 1064 2460 | c5fb 105c | 2458 c5fb | 1054 2450 | c5fb 104c 
  0x00000227d8d2d040: 2448 c5fb | 1044 2440 | 4c8b 5c24 | 304c 8b54 | 2428 4c8b | 4c24 204c | 8b44 2418 | 488b 5424 
  0x00000227d8d2d060: 1048 8b4c | 2408 488b | 0424 4883 | c470 c5f8 | 7748 8945 | 1048 83ec | 1048 8904 | 2448 c744 
  0x00000227d8d2d080: 2408 0000 | 0000 4183 | bfd0 0400 | 0002 0f85 | bf00 0000 | 4881 ec80 | 0000 0048 | 8944 2478 
  0x00000227d8d2d0a0: 4889 4c24 | 7048 8954 | 2468 4889 | 5c24 6048 | 896c 2450 | 4889 7424 | 4848 897c | 2440 4c89 
  0x00000227d8d2d0c0: 4424 384c | 894c 2430 | 4c89 5424 | 284c 895c | 2420 4c89 | 6424 184c | 896c 2410 | 4c89 7424 
  0x00000227d8d2d0e0: 084c 893c | 244c 8be4 | 4883 ec20 | 4883 e4f0 | 48b8 6074 | 99f9 fe7f | 0000 ffd0 | 498b e44c 
  0x00000227d8d2d100: 8b3c 244c | 8b74 2408 | 4c8b 6c24 | 104c 8b64 | 2418 4c8b | 5c24 204c | 8b54 2428 | 4c8b 4c24 
  0x00000227d8d2d120: 304c 8b44 | 2438 488b | 7c24 4048 | 8b74 2448 | 488b 6c24 | 5048 8b5c | 2460 488b | 5424 6848 
  0x00000227d8d2d140: 8b4c 2470 | 488b 4424 | 7848 81c4 | 8000 0000 | 4d33 e448 | 8b5d e84c | 8b6b 084d | 8d6d 3849 
  0x00000227d8d2d160: 837f 0800 | 0f84 bb00 | 0000 e805 | 0000 00e9 | 9600 0000 | 488d 4424 | 084c 896d | c049 8bcf 
  0x00000227d8d2d180: c5f8 7749 | 89af b803 | 0000 4989 | 87a8 0300 | 0048 83ec | 2040 f6c4 | 0f0f 8419 | 0000 0048 
  0x00000227d8d2d1a0: 83ec 0848 | b8a0 5f60 | f9fe 7f00 | 00ff d048 | 83c4 08e9 | 0c00 0000 | 48b8 a05f | 60f9 fe7f 
  0x00000227d8d2d1c0: 0000 ffd0 | 4883 c420 | 49c7 87a8 | 0300 0000 | 0000 0049 | c787 b803 | 0000 0000 | 0000 49c7 
  0x00000227d8d2d1e0: 87b0 0300 | 0000 0000 | 00c5 f877 | 4983 7f08 | 000f 8405 | 0000 00e9 | c43c ffff | 4c8b 6dc0 
  0x00000227d8d2d200: 4c8b 75c8 | 4e8d 74f5 | 00c3 48b9 | e034 c9f9 | fe7f 0000 | 4883 e4f0 | 48b8 1090 | 86f9 fe7f 
  0x00000227d8d2d220: 0000 ffd0 | f444 8b5b | 2841 f6c3 | 200f 8472 | 0100 0048 | 8d55 a84c | 8b5a 084d | 85db 0f85 
  0x00000227d8d2d240: bb00 0000 | e805 0000 | 00e9 9600 | 0000 488d | 4424 084c | 896d c049 | 8bcf c5f8 | 7749 89af 
  0x00000227d8d2d260: b803 0000 | 4989 87a8 | 0300 0048 | 83ec 2040 | f6c4 0f0f | 8419 0000 | 0048 83ec | 0848 b8d0 
  0x00000227d8d2d280: 5e60 f9fe | 7f00 00ff | d048 83c4 | 08e9 0c00 | 0000 48b8 | d05e 60f9 | fe7f 0000 | ffd0 4883 
  0x00000227d8d2d2a0: c420 49c7 | 87a8 0300 | 0000 0000 | 0049 c787 | b803 0000 | 0000 0000 | 49c7 87b0 | 0300 0000 
  0x00000227d8d2d2c0: 0000 00c5 | f877 4983 | 7f08 000f | 8405 0000 | 00e9 ea3b | ffff 4c8b | 6dc0 4c8b | 75c8 4e8d 
  0x00000227d8d2d2e0: 74f5 00c3 | 48b9 e034 | c9f9 fe7f | 0000 4883 | e4f0 48b8 | 1090 86f9 | fe7f 0000 | ffd0 f44c 
  0x00000227d8d2d300: 896d c04c | 8b4a 0848 | c742 0800 | 0000 0045 | 8b87 5806 | 0000 4f3b | 4c07 f80f | 8542 0000 
  0x00000227d8d2d320: 0041 83af | 5806 0000 | 084f 3b4c | 07f0 0f84 | 2a00 0000 | 498b 01a8 | 020f 8512 | 0000 004c 
  0x00000227d8d2d340: 8bc0 4983 | c801 f04d | 0fb1 010f | 840d 0000 | 0041 8387 | 5806 0000 | 08e9 0500 | 0000 e93e 
  0x00000227d8d2d360: 0000 004c | 894a 0848 | 8bca 4883 | ec20 40f6 | c40f 0f84 | 1900 0000 | 4883 ec08 | 48b8 f030 
  0x00000227d8d2d380: 60f9 fe7f | 0000 ffd0 | 4883 c408 | e90c 0000 | 0048 b8f0 | 3060 f9fe | 7f00 00ff | d048 83c4 
  0x00000227d8d2d3a0: 204c 8b6d | c048 8b04 | 2448 83c4 | 10c5 fb10 | 0424 4883 | c410 4c8b | 5d18 41ff | d34c 8b5d 
  0x00000227d8d2d3c0: f8c9 5f49 | 8be3 ffe7 | ba00 0000 | 00e8 0500 | 0000 e996 | 0000 0048 | 8d44 2408 | 4c89 6dc0 
  0x00000227d8d2d3e0: 498b cfc5 | f877 4989 | afb8 0300 | 0049 8987 | a803 0000 | 4883 ec20 | 40f6 c40f | 0f84 1900 
  0x00000227d8d2d400: 0000 4883 | ec08 48b8 | a025 60f9 | fe7f 0000 | ffd0 4883 | c408 e90c | 0000 0048 | b8a0 2560 
  0x00000227d8d2d420: f9fe 7f00 | 00ff d048 | 83c4 2049 | c787 a803 | 0000 0000 | 0000 49c7 | 87b8 0300 | 0000 0000 
  0x00000227d8d2d440: 0049 c787 | b003 0000 | 0000 0000 | c5f8 7749 | 837f 0800 | 0f84 0500 | 0000 e961 | 3aff ff4c 
  0x00000227d8d2d460: 8b6d c04c | 8b75 c84e | 8d74 f500 | c348 8b5d | e8e9 40f7 | ffff 6690 
[/MachCode]

---------------  P R O C E S S  ---------------

Threads class SMR info:
_java_thread_list=0x00000227f0cfe6e0, length=17, elements={
0x00000227eb853eb0, 0x00000227eb8547f0, 0x00000227eb85ad20, 0x00000227eb85bad0,
0x00000227eb85f180, 0x00000227eb860950, 0x00000227eb86e790, 0x00000227c1086720,
0x00000227c11b89e0, 0x00000227c12c9e90, 0x00000227c1a61c90, 0x00000227c1a623d0,
0x00000227c171d370, 0x00000227c1adf7c0, 0x00000227c69153c0, 0x00000227f0f066f0,
0x00000227f1166d50
}

Java Threads: ( => current thread )
  0x00000227eb853eb0 JavaThread "Reference Handler"          daemon [_thread_blocked, id=25448, stack(0x000000e7a2100000,0x000000e7a2200000) (1024K)]
  0x00000227eb8547f0 JavaThread "Finalizer"                  daemon [_thread_blocked, id=26992, stack(0x000000e7a2200000,0x000000e7a2300000) (1024K)]
  0x00000227eb85ad20 JavaThread "Signal Dispatcher"          daemon [_thread_blocked, id=26328, stack(0x000000e7a2300000,0x000000e7a2400000) (1024K)]
  0x00000227eb85bad0 JavaThread "Attach Listener"            daemon [_thread_blocked, id=18180, stack(0x000000e7a2400000,0x000000e7a2500000) (1024K)]
  0x00000227eb85f180 JavaThread "Service Thread"             daemon [_thread_blocked, id=30372, stack(0x000000e7a2500000,0x000000e7a2600000) (1024K)]
  0x00000227eb860950 JavaThread "Monitor Deflation Thread"   daemon [_thread_blocked, id=6464, stack(0x000000e7a2600000,0x000000e7a2700000) (1024K)]
  0x00000227eb86e790 JavaThread "C2 CompilerThread0"         daemon [_thread_blocked, id=25744, stack(0x000000e7a2700000,0x000000e7a2800000) (1024K)]
  0x00000227c1086720 JavaThread "C1 CompilerThread0"         daemon [_thread_blocked, id=28876, stack(0x000000e7a2800000,0x000000e7a2900000) (1024K)]
  0x00000227c11b89e0 JavaThread "Common-Cleaner"             daemon [_thread_blocked, id=13216, stack(0x000000e7a2a00000,0x000000e7a2b00000) (1024K)]
  0x00000227c12c9e90 JavaThread "Notification Thread"        daemon [_thread_blocked, id=25908, stack(0x000000e7a2d00000,0x000000e7a2e00000) (1024K)]
  0x00000227c1a61c90 JavaThread "Java2D Disposer"            daemon [_thread_blocked, id=5280, stack(0x000000e7a2e00000,0x000000e7a2f00000) (1024K)]
  0x00000227c1a623d0 JavaThread "AWT-Shutdown"                      [_thread_blocked, id=20328, stack(0x000000e7a2f00000,0x000000e7a3000000) (1024K)]
=>0x00000227c171d370 JavaThread "AWT-Windows"                daemon [_thread_in_native, id=24864, stack(0x000000e7a3000000,0x000000e7a3100000) (1024K)]
  0x00000227c1adf7c0 JavaThread "AWT-EventQueue-0"                  [_thread_blocked, id=32164, stack(0x000000e7a3100000,0x000000e7a3200000) (1024K)]
  0x00000227c69153c0 JavaThread "DestroyJavaVM"                     [_thread_blocked, id=25128, stack(0x000000e7a1900000,0x000000e7a1a00000) (1024K)]
  0x00000227f0f066f0 JavaThread "D3D Screen Updater"         daemon [_thread_blocked, id=5988, stack(0x000000e7a3710000,0x000000e7a3810000) (1024K)]
  0x00000227f1166d50 JavaThread "TimerQueue"                 daemon [_thread_blocked, id=9052, stack(0x000000e7a3820000,0x000000e7a3920000) (1024K)]
Total: 17

Other Threads:
  0x00000227eb843ce0 VMThread "VM Thread"                           [id=19116, stack(0x000000e7a2000000,0x000000e7a2100000) (1024K)]
  0x00000227eb7953b0 WatcherThread "VM Periodic Task Thread"        [id=552, stack(0x000000e7a1f00000,0x000000e7a2000000) (1024K)]
  0x00000227c8e792d0 WorkerThread "GC Thread#0"                     [id=27776, stack(0x000000e7a1a00000,0x000000e7a1b00000) (1024K)]
  0x00000227eb670080 ConcurrentGCThread "G1 Main Marker"            [id=29704, stack(0x000000e7a1b00000,0x000000e7a1c00000) (1024K)]
  0x00000227eb671330 WorkerThread "G1 Conc#0"                       [id=9856, stack(0x000000e7a1c00000,0x000000e7a1d00000) (1024K)]
  0x00000227eb773860 ConcurrentGCThread "G1 Refine#0"               [id=30256, stack(0x000000e7a1d00000,0x000000e7a1e00000) (1024K)]
  0x00000227eb7743e0 ConcurrentGCThread "G1 Service"                [id=24148, stack(0x000000e7a1e00000,0x000000e7a1f00000) (1024K)]
Total: 7

Threads with active compile tasks:
Total: 0

VM state: not at safepoint (normal execution)

VM Mutex/Monitor currently owned by a thread: None

Heap address: 0x0000000604000000, size: 8128 MB, Compressed Oops mode: Zero based, Oop shift amount: 3

CDS archive(s) mapped at: [0x0000022780000000-0x0000022780d40000-0x0000022780d40000), size 13893632, SharedBaseAddress: 0x0000022780000000, ArchiveRelocationMode: 1.
Compressed class space mapped at: 0x0000022781000000-0x00000227c1000000, reserved size: 1073741824
UseCompressedClassPointers 1, UseCompactObjectHeaders 0
Narrow klass pointer bits 32, Max shift 3
Narrow klass base: 0x0000022780000000, Narrow klass shift: 0
Encoding Range: [0x0000022780000000 - 0x0000022880000000), (4294967296 bytes)
Klass Range:    [0x0000022780000000 - 0x00000227c1000000), (1090519040 bytes)
Klass ID Range:  [8 - 1090519033) (1090519025)

GC Precious Log:
 CardTable entry size: 512
 Card Set container configuration: InlinePtr #cards 4 size 8 Array Of Cards #cards 32 size 80 Howl #buckets 8 coarsen threshold 7372 Howl Bitmap #cards 1024 size 144 coarsen threshold 921 Card regions per heap region 1 cards per card region 8192
 CPUs: 24 total, 24 available
 Memory: 32509M
 Large Page Support: Disabled
 NUMA Support: Disabled
 Compressed Oops: Enabled (Zero based)
 Heap Region Size: 4M
 Heap Min Capacity: 8M
 Heap Initial Capacity: 508M
 Heap Max Capacity: 8128M
 Pre-touch: Disabled
 Parallel Workers: 18
 Concurrent Workers: 5
 Concurrent Refinement Workers: 18
 Periodic GC: Disabled

Heap:
 garbage-first heap   total reserved 8323072K, committed 524288K, used 46192K [0x0000000604000000, 0x0000000800000000)
  region size 4096K, 9 young (36864K), 0 survivors (0K)
 Metaspace       used 13040K, committed 13312K, reserved 1114112K
  class space    used 1225K, committed 1344K, reserved 1048576K

Heap Regions: E=young(eden), S=young(survivor), O=old, HS=humongous(starts), HC=humongous(continues), CS=collection set, F=free, TAMS=top-at-mark-start, PB=parsable bottom
|   0|0x0000000604000000, 0x0000000604400000, 0x0000000604400000|100%|HS|  |TAMS 0x0000000604000000| PB 0x0000000604000000| Complete |  0
|   1|0x0000000604400000, 0x0000000604800000, 0x0000000604800000|100%|HS|  |TAMS 0x0000000604400000| PB 0x0000000604400000| Complete |  0
|   2|0x0000000604800000, 0x0000000604c00000, 0x0000000604c00000|100%|HS|  |TAMS 0x0000000604800000| PB 0x0000000604800000| Complete |  0
|   3|0x0000000604c00000, 0x0000000604c00000, 0x0000000605000000|  0%| F|  |TAMS 0x0000000604c00000| PB 0x0000000604c00000| Untracked |  0
|   4|0x0000000605000000, 0x0000000605000000, 0x0000000605400000|  0%| F|  |TAMS 0x0000000605000000| PB 0x0000000605000000| Untracked |  0
|   5|0x0000000605400000, 0x0000000605400000, 0x0000000605800000|  0%| F|  |TAMS 0x0000000605400000| PB 0x0000000605400000| Untracked |  0
|   6|0x0000000605800000, 0x0000000605800000, 0x0000000605c00000|  0%| F|  |TAMS 0x0000000605800000| PB 0x0000000605800000| Untracked |  0
|   7|0x0000000605c00000, 0x0000000605c00000, 0x0000000606000000|  0%| F|  |TAMS 0x0000000605c00000| PB 0x0000000605c00000| Untracked |  0
|   8|0x0000000606000000, 0x0000000606000000, 0x0000000606400000|  0%| F|  |TAMS 0x0000000606000000| PB 0x0000000606000000| Untracked |  0
|   9|0x0000000606400000, 0x0000000606400000, 0x0000000606800000|  0%| F|  |TAMS 0x0000000606400000| PB 0x0000000606400000| Untracked |  0
|  10|0x0000000606800000, 0x0000000606800000, 0x0000000606c00000|  0%| F|  |TAMS 0x0000000606800000| PB 0x0000000606800000| Untracked |  0
|  11|0x0000000606c00000, 0x0000000606c00000, 0x0000000607000000|  0%| F|  |TAMS 0x0000000606c00000| PB 0x0000000606c00000| Untracked |  0
|  12|0x0000000607000000, 0x0000000607000000, 0x0000000607400000|  0%| F|  |TAMS 0x0000000607000000| PB 0x0000000607000000| Untracked |  0
|  13|0x0000000607400000, 0x0000000607400000, 0x0000000607800000|  0%| F|  |TAMS 0x0000000607400000| PB 0x0000000607400000| Untracked |  0
|  14|0x0000000607800000, 0x0000000607800000, 0x0000000607c00000|  0%| F|  |TAMS 0x0000000607800000| PB 0x0000000607800000| Untracked |  0
|  15|0x0000000607c00000, 0x0000000607c00000, 0x0000000608000000|  0%| F|  |TAMS 0x0000000607c00000| PB 0x0000000607c00000| Untracked |  0
|  16|0x0000000608000000, 0x0000000608000000, 0x0000000608400000|  0%| F|  |TAMS 0x0000000608000000| PB 0x0000000608000000| Untracked |  0
|  17|0x0000000608400000, 0x0000000608400000, 0x0000000608800000|  0%| F|  |TAMS 0x0000000608400000| PB 0x0000000608400000| Untracked |  0
|  18|0x0000000608800000, 0x0000000608800000, 0x0000000608c00000|  0%| F|  |TAMS 0x0000000608800000| PB 0x0000000608800000| Untracked |  0
|  19|0x0000000608c00000, 0x0000000608c00000, 0x0000000609000000|  0%| F|  |TAMS 0x0000000608c00000| PB 0x0000000608c00000| Untracked |  0
|  20|0x0000000609000000, 0x0000000609000000, 0x0000000609400000|  0%| F|  |TAMS 0x0000000609000000| PB 0x0000000609000000| Untracked |  0
|  21|0x0000000609400000, 0x0000000609400000, 0x0000000609800000|  0%| F|  |TAMS 0x0000000609400000| PB 0x0000000609400000| Untracked |  0
|  22|0x0000000609800000, 0x0000000609800000, 0x0000000609c00000|  0%| F|  |TAMS 0x0000000609800000| PB 0x0000000609800000| Untracked |  0
|  23|0x0000000609c00000, 0x0000000609c00000, 0x000000060a000000|  0%| F|  |TAMS 0x0000000609c00000| PB 0x0000000609c00000| Untracked |  0
|  24|0x000000060a000000, 0x000000060a000000, 0x000000060a400000|  0%| F|  |TAMS 0x000000060a000000| PB 0x000000060a000000| Untracked |  0
|  25|0x000000060a400000, 0x000000060a400000, 0x000000060a800000|  0%| F|  |TAMS 0x000000060a400000| PB 0x000000060a400000| Untracked |  0
|  26|0x000000060a800000, 0x000000060a800000, 0x000000060ac00000|  0%| F|  |TAMS 0x000000060a800000| PB 0x000000060a800000| Untracked |  0
|  27|0x000000060ac00000, 0x000000060ac00000, 0x000000060b000000|  0%| F|  |TAMS 0x000000060ac00000| PB 0x000000060ac00000| Untracked |  0
|  28|0x000000060b000000, 0x000000060b000000, 0x000000060b400000|  0%| F|  |TAMS 0x000000060b000000| PB 0x000000060b000000| Untracked |  0
|  29|0x000000060b400000, 0x000000060b400000, 0x000000060b800000|  0%| F|  |TAMS 0x000000060b400000| PB 0x000000060b400000| Untracked |  0
|  30|0x000000060b800000, 0x000000060b800000, 0x000000060bc00000|  0%| F|  |TAMS 0x000000060b800000| PB 0x000000060b800000| Untracked |  0
|  31|0x000000060bc00000, 0x000000060bc00000, 0x000000060c000000|  0%| F|  |TAMS 0x000000060bc00000| PB 0x000000060bc00000| Untracked |  0
|  32|0x000000060c000000, 0x000000060c000000, 0x000000060c400000|  0%| F|  |TAMS 0x000000060c000000| PB 0x000000060c000000| Untracked |  0
|  33|0x000000060c400000, 0x000000060c400000, 0x000000060c800000|  0%| F|  |TAMS 0x000000060c400000| PB 0x000000060c400000| Untracked |  0
|  34|0x000000060c800000, 0x000000060c800000, 0x000000060cc00000|  0%| F|  |TAMS 0x000000060c800000| PB 0x000000060c800000| Untracked |  0
|  35|0x000000060cc00000, 0x000000060cc00000, 0x000000060d000000|  0%| F|  |TAMS 0x000000060cc00000| PB 0x000000060cc00000| Untracked |  0
|  36|0x000000060d000000, 0x000000060d000000, 0x000000060d400000|  0%| F|  |TAMS 0x000000060d000000| PB 0x000000060d000000| Untracked |  0
|  37|0x000000060d400000, 0x000000060d400000, 0x000000060d800000|  0%| F|  |TAMS 0x000000060d400000| PB 0x000000060d400000| Untracked |  0
|  38|0x000000060d800000, 0x000000060d800000, 0x000000060dc00000|  0%| F|  |TAMS 0x000000060d800000| PB 0x000000060d800000| Untracked |  0
|  39|0x000000060dc00000, 0x000000060dc00000, 0x000000060e000000|  0%| F|  |TAMS 0x000000060dc00000| PB 0x000000060dc00000| Untracked |  0
|  40|0x000000060e000000, 0x000000060e000000, 0x000000060e400000|  0%| F|  |TAMS 0x000000060e000000| PB 0x000000060e000000| Untracked |  0
|  41|0x000000060e400000, 0x000000060e400000, 0x000000060e800000|  0%| F|  |TAMS 0x000000060e400000| PB 0x000000060e400000| Untracked |  0
|  42|0x000000060e800000, 0x000000060e800000, 0x000000060ec00000|  0%| F|  |TAMS 0x000000060e800000| PB 0x000000060e800000| Untracked |  0
|  43|0x000000060ec00000, 0x000000060ec00000, 0x000000060f000000|  0%| F|  |TAMS 0x000000060ec00000| PB 0x000000060ec00000| Untracked |  0
|  44|0x000000060f000000, 0x000000060f000000, 0x000000060f400000|  0%| F|  |TAMS 0x000000060f000000| PB 0x000000060f000000| Untracked |  0
|  45|0x000000060f400000, 0x000000060f400000, 0x000000060f800000|  0%| F|  |TAMS 0x000000060f400000| PB 0x000000060f400000| Untracked |  0
|  46|0x000000060f800000, 0x000000060f800000, 0x000000060fc00000|  0%| F|  |TAMS 0x000000060f800000| PB 0x000000060f800000| Untracked |  0
|  47|0x000000060fc00000, 0x000000060fc00000, 0x0000000610000000|  0%| F|  |TAMS 0x000000060fc00000| PB 0x000000060fc00000| Untracked |  0
|  48|0x0000000610000000, 0x0000000610000000, 0x0000000610400000|  0%| F|  |TAMS 0x0000000610000000| PB 0x0000000610000000| Untracked |  0
|  49|0x0000000610400000, 0x0000000610400000, 0x0000000610800000|  0%| F|  |TAMS 0x0000000610400000| PB 0x0000000610400000| Untracked |  0
|  50|0x0000000610800000, 0x0000000610800000, 0x0000000610c00000|  0%| F|  |TAMS 0x0000000610800000| PB 0x0000000610800000| Untracked |  0
|  51|0x0000000610c00000, 0x0000000610c00000, 0x0000000611000000|  0%| F|  |TAMS 0x0000000610c00000| PB 0x0000000610c00000| Untracked |  0
|  52|0x0000000611000000, 0x0000000611000000, 0x0000000611400000|  0%| F|  |TAMS 0x0000000611000000| PB 0x0000000611000000| Untracked |  0
|  53|0x0000000611400000, 0x0000000611400000, 0x0000000611800000|  0%| F|  |TAMS 0x0000000611400000| PB 0x0000000611400000| Untracked |  0
|  54|0x0000000611800000, 0x0000000611800000, 0x0000000611c00000|  0%| F|  |TAMS 0x0000000611800000| PB 0x0000000611800000| Untracked |  0
|  55|0x0000000611c00000, 0x0000000611c00000, 0x0000000612000000|  0%| F|  |TAMS 0x0000000611c00000| PB 0x0000000611c00000| Untracked |  0
|  56|0x0000000612000000, 0x0000000612000000, 0x0000000612400000|  0%| F|  |TAMS 0x0000000612000000| PB 0x0000000612000000| Untracked |  0
|  57|0x0000000612400000, 0x0000000612400000, 0x0000000612800000|  0%| F|  |TAMS 0x0000000612400000| PB 0x0000000612400000| Untracked |  0
|  58|0x0000000612800000, 0x0000000612800000, 0x0000000612c00000|  0%| F|  |TAMS 0x0000000612800000| PB 0x0000000612800000| Untracked |  0
|  59|0x0000000612c00000, 0x0000000612c00000, 0x0000000613000000|  0%| F|  |TAMS 0x0000000612c00000| PB 0x0000000612c00000| Untracked |  0
|  60|0x0000000613000000, 0x0000000613000000, 0x0000000613400000|  0%| F|  |TAMS 0x0000000613000000| PB 0x0000000613000000| Untracked |  0
|  61|0x0000000613400000, 0x0000000613400000, 0x0000000613800000|  0%| F|  |TAMS 0x0000000613400000| PB 0x0000000613400000| Untracked |  0
|  62|0x0000000613800000, 0x0000000613800000, 0x0000000613c00000|  0%| F|  |TAMS 0x0000000613800000| PB 0x0000000613800000| Untracked |  0
|  63|0x0000000613c00000, 0x0000000613c00000, 0x0000000614000000|  0%| F|  |TAMS 0x0000000613c00000| PB 0x0000000613c00000| Untracked |  0
|  64|0x0000000614000000, 0x0000000614000000, 0x0000000614400000|  0%| F|  |TAMS 0x0000000614000000| PB 0x0000000614000000| Untracked |  0
|  65|0x0000000614400000, 0x0000000614400000, 0x0000000614800000|  0%| F|  |TAMS 0x0000000614400000| PB 0x0000000614400000| Untracked |  0
|  66|0x0000000614800000, 0x0000000614800000, 0x0000000614c00000|  0%| F|  |TAMS 0x0000000614800000| PB 0x0000000614800000| Untracked |  0
|  67|0x0000000614c00000, 0x0000000614c00000, 0x0000000615000000|  0%| F|  |TAMS 0x0000000614c00000| PB 0x0000000614c00000| Untracked |  0
|  68|0x0000000615000000, 0x0000000615000000, 0x0000000615400000|  0%| F|  |TAMS 0x0000000615000000| PB 0x0000000615000000| Untracked |  0
|  69|0x0000000615400000, 0x0000000615400000, 0x0000000615800000|  0%| F|  |TAMS 0x0000000615400000| PB 0x0000000615400000| Untracked |  0
|  70|0x0000000615800000, 0x0000000615800000, 0x0000000615c00000|  0%| F|  |TAMS 0x0000000615800000| PB 0x0000000615800000| Untracked |  0
|  71|0x0000000615c00000, 0x0000000615c00000, 0x0000000616000000|  0%| F|  |TAMS 0x0000000615c00000| PB 0x0000000615c00000| Untracked |  0
|  72|0x0000000616000000, 0x0000000616000000, 0x0000000616400000|  0%| F|  |TAMS 0x0000000616000000| PB 0x0000000616000000| Untracked |  0
|  73|0x0000000616400000, 0x0000000616400000, 0x0000000616800000|  0%| F|  |TAMS 0x0000000616400000| PB 0x0000000616400000| Untracked |  0
|  74|0x0000000616800000, 0x0000000616800000, 0x0000000616c00000|  0%| F|  |TAMS 0x0000000616800000| PB 0x0000000616800000| Untracked |  0
|  75|0x0000000616c00000, 0x0000000616c00000, 0x0000000617000000|  0%| F|  |TAMS 0x0000000616c00000| PB 0x0000000616c00000| Untracked |  0
|  76|0x0000000617000000, 0x0000000617000000, 0x0000000617400000|  0%| F|  |TAMS 0x0000000617000000| PB 0x0000000617000000| Untracked |  0
|  77|0x0000000617400000, 0x0000000617400000, 0x0000000617800000|  0%| F|  |TAMS 0x0000000617400000| PB 0x0000000617400000| Untracked |  0
|  78|0x0000000617800000, 0x0000000617800000, 0x0000000617c00000|  0%| F|  |TAMS 0x0000000617800000| PB 0x0000000617800000| Untracked |  0
|  79|0x0000000617c00000, 0x0000000617c00000, 0x0000000618000000|  0%| F|  |TAMS 0x0000000617c00000| PB 0x0000000617c00000| Untracked |  0
|  80|0x0000000618000000, 0x0000000618000000, 0x0000000618400000|  0%| F|  |TAMS 0x0000000618000000| PB 0x0000000618000000| Untracked |  0
|  81|0x0000000618400000, 0x0000000618400000, 0x0000000618800000|  0%| F|  |TAMS 0x0000000618400000| PB 0x0000000618400000| Untracked |  0
|  82|0x0000000618800000, 0x0000000618800000, 0x0000000618c00000|  0%| F|  |TAMS 0x0000000618800000| PB 0x0000000618800000| Untracked |  0
|  83|0x0000000618c00000, 0x0000000618c00000, 0x0000000619000000|  0%| F|  |TAMS 0x0000000618c00000| PB 0x0000000618c00000| Untracked |  0
|  84|0x0000000619000000, 0x0000000619000000, 0x0000000619400000|  0%| F|  |TAMS 0x0000000619000000| PB 0x0000000619000000| Untracked |  0
|  85|0x0000000619400000, 0x0000000619400000, 0x0000000619800000|  0%| F|  |TAMS 0x0000000619400000| PB 0x0000000619400000| Untracked |  0
|  86|0x0000000619800000, 0x0000000619800000, 0x0000000619c00000|  0%| F|  |TAMS 0x0000000619800000| PB 0x0000000619800000| Untracked |  0
|  87|0x0000000619c00000, 0x0000000619c00000, 0x000000061a000000|  0%| F|  |TAMS 0x0000000619c00000| PB 0x0000000619c00000| Untracked |  0
|  88|0x000000061a000000, 0x000000061a000000, 0x000000061a400000|  0%| F|  |TAMS 0x000000061a000000| PB 0x000000061a000000| Untracked |  0
|  89|0x000000061a400000, 0x000000061a400000, 0x000000061a800000|  0%| F|  |TAMS 0x000000061a400000| PB 0x000000061a400000| Untracked |  0
|  90|0x000000061a800000, 0x000000061a800000, 0x000000061ac00000|  0%| F|  |TAMS 0x000000061a800000| PB 0x000000061a800000| Untracked |  0
|  91|0x000000061ac00000, 0x000000061ac00000, 0x000000061b000000|  0%| F|  |TAMS 0x000000061ac00000| PB 0x000000061ac00000| Untracked |  0
|  92|0x000000061b000000, 0x000000061b000000, 0x000000061b400000|  0%| F|  |TAMS 0x000000061b000000| PB 0x000000061b000000| Untracked |  0
|  93|0x000000061b400000, 0x000000061b400000, 0x000000061b800000|  0%| F|  |TAMS 0x000000061b400000| PB 0x000000061b400000| Untracked |  0
|  94|0x000000061b800000, 0x000000061b800000, 0x000000061bc00000|  0%| F|  |TAMS 0x000000061b800000| PB 0x000000061b800000| Untracked |  0
|  95|0x000000061bc00000, 0x000000061bc00000, 0x000000061c000000|  0%| F|  |TAMS 0x000000061bc00000| PB 0x000000061bc00000| Untracked |  0
|  96|0x000000061c000000, 0x000000061c000000, 0x000000061c400000|  0%| F|  |TAMS 0x000000061c000000| PB 0x000000061c000000| Untracked |  0
|  97|0x000000061c400000, 0x000000061c400000, 0x000000061c800000|  0%| F|  |TAMS 0x000000061c400000| PB 0x000000061c400000| Untracked |  0
|  98|0x000000061c800000, 0x000000061c800000, 0x000000061cc00000|  0%| F|  |TAMS 0x000000061c800000| PB 0x000000061c800000| Untracked |  0
|  99|0x000000061cc00000, 0x000000061cc00000, 0x000000061d000000|  0%| F|  |TAMS 0x000000061cc00000| PB 0x000000061cc00000| Untracked |  0
| 100|0x000000061d000000, 0x000000061d000000, 0x000000061d400000|  0%| F|  |TAMS 0x000000061d000000| PB 0x000000061d000000| Untracked |  0
| 101|0x000000061d400000, 0x000000061d400000, 0x000000061d800000|  0%| F|  |TAMS 0x000000061d400000| PB 0x000000061d400000| Untracked |  0
| 102|0x000000061d800000, 0x000000061d800000, 0x000000061dc00000|  0%| F|  |TAMS 0x000000061d800000| PB 0x000000061d800000| Untracked |  0
| 103|0x000000061dc00000, 0x000000061dc00000, 0x000000061e000000|  0%| F|  |TAMS 0x000000061dc00000| PB 0x000000061dc00000| Untracked |  0
| 104|0x000000061e000000, 0x000000061e000000, 0x000000061e400000|  0%| F|  |TAMS 0x000000061e000000| PB 0x000000061e000000| Untracked |  0
| 105|0x000000061e400000, 0x000000061e400000, 0x000000061e800000|  0%| F|  |TAMS 0x000000061e400000| PB 0x000000061e400000| Untracked |  0
| 106|0x000000061e800000, 0x000000061e800000, 0x000000061ec00000|  0%| F|  |TAMS 0x000000061e800000| PB 0x000000061e800000| Untracked |  0
| 107|0x000000061ec00000, 0x000000061ec00000, 0x000000061f000000|  0%| F|  |TAMS 0x000000061ec00000| PB 0x000000061ec00000| Untracked |  0
| 108|0x000000061f000000, 0x000000061f000000, 0x000000061f400000|  0%| F|  |TAMS 0x000000061f000000| PB 0x000000061f000000| Untracked |  0
| 109|0x000000061f400000, 0x000000061f400000, 0x000000061f800000|  0%| F|  |TAMS 0x000000061f400000| PB 0x000000061f400000| Untracked |  0
| 110|0x000000061f800000, 0x000000061f800000, 0x000000061fc00000|  0%| F|  |TAMS 0x000000061f800000| PB 0x000000061f800000| Untracked |  0
| 111|0x000000061fc00000, 0x000000061fc00000, 0x0000000620000000|  0%| F|  |TAMS 0x000000061fc00000| PB 0x000000061fc00000| Untracked |  0
| 112|0x0000000620000000, 0x0000000620000000, 0x0000000620400000|  0%| F|  |TAMS 0x0000000620000000| PB 0x0000000620000000| Untracked |  0
| 113|0x0000000620400000, 0x0000000620400000, 0x0000000620800000|  0%| F|  |TAMS 0x0000000620400000| PB 0x0000000620400000| Untracked |  0
| 114|0x0000000620800000, 0x0000000620800000, 0x0000000620c00000|  0%| F|  |TAMS 0x0000000620800000| PB 0x0000000620800000| Untracked |  0
| 115|0x0000000620c00000, 0x0000000620c00000, 0x0000000621000000|  0%| F|  |TAMS 0x0000000620c00000| PB 0x0000000620c00000| Untracked |  0
| 116|0x0000000621000000, 0x0000000621000000, 0x0000000621400000|  0%| F|  |TAMS 0x0000000621000000| PB 0x0000000621000000| Untracked |  0
| 117|0x0000000621400000, 0x0000000621400000, 0x0000000621800000|  0%| F|  |TAMS 0x0000000621400000| PB 0x0000000621400000| Untracked |  0
| 118|0x0000000621800000, 0x0000000621a001e0, 0x0000000621c00000| 50%| E|  |TAMS 0x0000000621800000| PB 0x0000000621800000| Complete |  0
| 119|0x0000000621c00000, 0x0000000622000000, 0x0000000622000000|100%| E|CS|TAMS 0x0000000621c00000| PB 0x0000000621c00000| Complete |  0
| 120|0x0000000622000000, 0x0000000622400000, 0x0000000622400000|100%| E|CS|TAMS 0x0000000622000000| PB 0x0000000622000000| Complete |  0
| 121|0x0000000622400000, 0x0000000622800000, 0x0000000622800000|100%| E|CS|TAMS 0x0000000622400000| PB 0x0000000622400000| Complete |  0
| 122|0x0000000622800000, 0x0000000622c00000, 0x0000000622c00000|100%| E|CS|TAMS 0x0000000622800000| PB 0x0000000622800000| Complete |  0
| 123|0x0000000622c00000, 0x0000000623000000, 0x0000000623000000|100%| E|CS|TAMS 0x0000000622c00000| PB 0x0000000622c00000| Complete |  0
| 124|0x0000000623000000, 0x0000000623400000, 0x0000000623400000|100%| E|CS|TAMS 0x0000000623000000| PB 0x0000000623000000| Complete |  0
| 125|0x0000000623400000, 0x0000000623800000, 0x0000000623800000|100%| E|CS|TAMS 0x0000000623400000| PB 0x0000000623400000| Complete |  0
| 126|0x0000000623800000, 0x0000000623c00000, 0x0000000623c00000|100%| E|CS|TAMS 0x0000000623800000| PB 0x0000000623800000| Complete |  0
|2031|0x00000007ffc00000, 0x00000007ffd1c318, 0x0000000800000000| 27%| O|  |TAMS 0x00000007ffc00000| PB 0x00000007ffc00000| Untracked |  0

Card table byte_map: [0x00000227e2680000,0x00000227e3660000] _byte_map_base: 0x00000227df660000

Marking Bits: (CMBitMap*) 0x00000227c8e799e0
 Bits: [0x00000227e3660000, 0x00000227eb560000)

Polling page: 0x00000227c68c0000

Metaspace:

Usage:
  Non-class:     11.54 MB used.
      Class:      1.20 MB used.
       Both:     12.74 MB used.

Virtual space:
  Non-class space:       64.00 MB reserved,      11.69 MB ( 18%) committed,  1 nodes.
      Class space:        1.00 GB reserved,       1.31 MB ( <1%) committed,  1 nodes.
             Both:        1.06 GB reserved,      13.00 MB (  1%) committed. 

Chunk freelists:
   Non-Class:  4.22 MB
       Class:  14.72 MB
        Both:  18.94 MB

MaxMetaspaceSize: unlimited
CompressedClassSpaceSize: 1.00 GB
Initial GC threshold: 21.00 MB
Current GC threshold: 21.00 MB
CDS: on
 - commit_granule_bytes: 65536.
 - commit_granule_words: 8192.
 - virtual_space_node_default_size: 8388608.
 - enlarge_chunks_in_place: 1.
UseCompressedClassPointers 1, UseCompactObjectHeaders 0
Narrow klass pointer bits 32, Max shift 3
Narrow klass base: 0x0000022780000000, Narrow klass shift: 0
Encoding Range: [0x0000022780000000 - 0x0000022880000000), (4294967296 bytes)
Klass Range:    [0x0000022780000000 - 0x00000227c1000000), (1090519040 bytes)
Klass ID Range:  [8 - 1090519033) (1090519025)


Internal statistics:

num_allocs_failed_limit: 0.
num_arena_births: 178.
num_arena_deaths: 0.
num_vsnodes_births: 2.
num_vsnodes_deaths: 0.
num_space_committed: 208.
num_space_uncommitted: 0.
num_chunks_returned_to_freelist: 0.
num_chunks_taken_from_freelist: 270.
num_chunk_merges: 0.
num_chunk_splits: 145.
num_chunks_enlarged: 50.
num_inconsistent_stats: 0.

CodeHeap 'non-profiled nmethods': size=119232Kb used=800Kb max_used=800Kb free=118431Kb
 bounds [0x00000227d9460000, 0x00000227d96d0000, 0x00000227e08d0000]
CodeHeap 'profiled nmethods': size=119104Kb used=4125Kb max_used=4125Kb free=114978Kb
 bounds [0x00000227d18d0000, 0x00000227d1ce0000, 0x00000227d8d20000]
CodeHeap 'non-nmethods': size=7424Kb used=1579Kb max_used=3286Kb free=5844Kb
 bounds [0x00000227d8d20000, 0x00000227d9060000, 0x00000227d9460000]
CodeCache: size=245760Kb, used=6504Kb, max_used=8211Kb, free=239253Kb
 total_blobs=3205, nmethods=2454, adapters=656, full_count=0
Compilation: enabled, stopped_count=0, restarted_count=0

Compilation events (20 events):
Event: 8674.637 Thread 0x00000227eb86e790 nmethod 2450 0x00000227d9527908 code [0x00000227d9527a00, 0x00000227d9527aa0]
Event: 8674.639 Thread 0x00000227c1086720 nmethod 2445 0x00000227d1cc9908 code [0x00000227d1cca000, 0x00000227d1ccf818]
Event: 8674.639 Thread 0x00000227c1086720 2444       3       javax.swing.JComponent::rectangleIsObscured (119 bytes)
Event: 8674.639 Thread 0x00000227f0da0500 2449       3       sun.java2d.pipe.Region::getIntersectionXYXY (57 bytes)
Event: 8674.639 Thread 0x00000227f0da0500 nmethod 2449 0x00000227d1ccfa08 code [0x00000227d1ccfba0, 0x00000227d1cd0258]
Event: 8674.639 Thread 0x00000227f0da0500 2448       3       java.awt.Container::adjustDescendantsOnParent (16 bytes)
Event: 8674.639 Thread 0x00000227c1086720 nmethod 2444 0x00000227d1cd0288 code [0x00000227d1cd04a0, 0x00000227d1cd1408]
Event: 8674.639 Thread 0x00000227f0da0500 nmethod 2448 0x00000227d1cd1488 code [0x00000227d1cd15c0, 0x00000227d1cd18d8]
Event: 8674.639 Thread 0x00000227c1086720 2446   !   3       javax.swing.JComponent::paint (409 bytes)
Event: 8674.639 Thread 0x00000227f0da0500 2447       3       javax.swing.JComponent::getComponentGraphics (63 bytes)
Event: 8674.640 Thread 0x00000227f0da0500 nmethod 2447 0x00000227d1cd1908 code [0x00000227d1cd1ae0, 0x00000227d1cd2728]
Event: 8674.640 Thread 0x00000227f0da0500 2451   !   3       javax.swing.JComponent::paintComponent (44 bytes)
Event: 8674.640 Thread 0x00000227f0da0500 nmethod 2451 0x00000227d1cd2808 code [0x00000227d1cd29a0, 0x00000227d1cd3198]
Event: 8674.640 Thread 0x00000227f0da0500 2452       1       sun.awt.image.BufImgSurfaceData::getDefaultScaleX (5 bytes)
Event: 8674.640 Thread 0x00000227f0da0500 nmethod 2452 0x00000227d9527c08 code [0x00000227d9527d00, 0x00000227d9527dc8]
Event: 8674.640 Thread 0x00000227f0da0500 2453       1       sun.awt.image.BufImgSurfaceData::getDefaultScaleY (5 bytes)
Event: 8674.640 Thread 0x00000227f0da0500 nmethod 2453 0x00000227d9527f08 code [0x00000227d9528000, 0x00000227d95280c8]
Event: 8674.641 Thread 0x00000227c1086720 nmethod 2446 0x00000227d1cd3208 code [0x00000227d1cd3640, 0x00000227d1cd6560]
Event: 22210.472 Thread 0x00000227c1086720 2454       3       java.awt.image.SinglePixelPackedSampleModel::<init> (243 bytes)
Event: 22210.472 Thread 0x00000227c1086720 nmethod 2454 0x00000227d1cd6688 code [0x00000227d1cd68a0, 0x00000227d1cd75b0]

GC Heap History (0 events):
No events

Dll operation events (8 events):
Event: 0.004 Loaded shared library C:\Program Files\Apache NetBeans\jdk\bin\java.dll
Event: 0.020 Loaded shared library C:\Program Files\Apache NetBeans\jdk\bin\jsvml.dll
Event: 0.032 Loaded shared library C:\Program Files\Apache NetBeans\jdk\bin\net.dll
Event: 0.033 Loaded shared library C:\Program Files\Apache NetBeans\jdk\bin\nio.dll
Event: 0.044 Loaded shared library C:\Program Files\Apache NetBeans\jdk\bin\jimage.dll
Event: 0.048 Loaded shared library C:\Program Files\Apache NetBeans\jdk\bin\awt.dll
Event: 0.106 Loaded shared library C:\Program Files\Apache NetBeans\jdk\bin\freetype.dll
Event: 0.106 Loaded shared library C:\Program Files\Apache NetBeans\jdk\bin\fontmanager.dll

Deoptimization events (20 events):
Event: 15.668 Thread 0x00000227c171d370 Uncommon trap: trap_request=0xffffffde fr.pc=0x00000227d9517a50 relative=0x00000000000013b0
Event: 15.668 Thread 0x00000227c171d370 Uncommon trap: reason=class_check action=maybe_recompile pc=0x00000227d9517a50 method=sun.awt.SunToolkit.postEvent(Lsun/awt/AppContext;Ljava/awt/AWTEvent;)V @ 72 c2
Event: 15.668 Thread 0x00000227c171d370 DEOPT PACKING pc=0x00000227d9517a50 sp=0x000000e7a30fe240
Event: 15.668 Thread 0x00000227c171d370 DEOPT UNPACKING pc=0x00000227d8e38582 sp=0x000000e7a30fe200 mode 2
Event: 311.448 Thread 0x00000227f0f066f0 Uncommon trap: trap_request=0xffffffcc fr.pc=0x00000227d951fd90 relative=0x00000000000002d0
Event: 311.448 Thread 0x00000227f0f066f0 Uncommon trap: reason=intrinsic_or_type_checked_inlining action=make_not_entrant pc=0x00000227d951fd90 method=java.util.Arrays.copyOf([Ljava/lang/Object;ILjava/lang/Class;)[Ljava/lang/Object; @ 35 c2
Event: 311.448 Thread 0x00000227f0f066f0 DEOPT PACKING pc=0x00000227d951fd90 sp=0x000000e7a380f540
Event: 311.448 Thread 0x00000227f0f066f0 DEOPT UNPACKING pc=0x00000227d8e38582 sp=0x000000e7a380f4d0 mode 2
Event: 495.061 Thread 0x00000227f0f066f0 Uncommon trap: trap_request=0xffffffdc fr.pc=0x00000227d9520a5c relative=0x000000000000023c
Event: 495.061 Thread 0x00000227f0f066f0 Uncommon trap: reason=class_check action=make_not_entrant pc=0x00000227d9520a5c method=java.util.ArrayList.toArray([Ljava/lang/Object;)[Ljava/lang/Object; @ 21 c2
Event: 495.061 Thread 0x00000227f0f066f0 DEOPT PACKING pc=0x00000227d9520a5c sp=0x000000e7a380f5a0
Event: 495.061 Thread 0x00000227f0f066f0 DEOPT UNPACKING pc=0x00000227d8e38582 sp=0x000000e7a380f560 mode 2
Event: 5491.508 Thread 0x00000227f0f066f0 DEOPT PACKING pc=0x00000227d1cb5653 sp=0x000000e7a380f550
Event: 5491.508 Thread 0x00000227f0f066f0 DEOPT UNPACKING pc=0x00000227d8d75722 sp=0x000000e7a380eae0 mode 0
Event: 8674.563 Thread 0x00000227f0f066f0 Uncommon trap: trap_request=0xffffffcc fr.pc=0x00000227d9523fac relative=0x0000000000000ccc
Event: 8674.563 Thread 0x00000227f0f066f0 Uncommon trap: reason=intrinsic_or_type_checked_inlining action=make_not_entrant pc=0x00000227d9523fac method=java.util.ArrayList.toArray([Ljava/lang/Object;)[Ljava/lang/Object; @ 36 c2
Event: 8674.563 Thread 0x00000227f0f066f0 DEOPT PACKING pc=0x00000227d9523fac sp=0x000000e7a380f640
Event: 8674.563 Thread 0x00000227f0f066f0 DEOPT UNPACKING pc=0x00000227d8e38582 sp=0x000000e7a380f550 mode 2
Event: 8674.630 Thread 0x00000227c1adf7c0 DEOPT PACKING pc=0x00000227d1c99644 sp=0x000000e7a31febb0
Event: 8674.630 Thread 0x00000227c1adf7c0 DEOPT UNPACKING pc=0x00000227d8d75722 sp=0x000000e7a31fdfa0 mode 0

Classes loaded (20 events):
Event: 5.894 Loading class java/awt/geom/Path2D$Float$TxIterator
Event: 5.894 Loading class java/awt/geom/Path2D$Float$TxIterator done
Event: 9.705 Loading class javax/swing/text/GapContent$RemoveUndo
Event: 9.705 Loading class javax/swing/text/GapContent$RemoveUndo done
Event: 9.705 Loading class javax/swing/text/GapContent$UndoPosRef
Event: 9.705 Loading class javax/swing/text/GapContent$UndoPosRef done
Event: 8674.495 Loading class java/util/WeakHashMap$KeyIterator
Event: 8674.495 Loading class java/util/WeakHashMap$HashIterator
Event: 8674.495 Loading class java/util/WeakHashMap$HashIterator done
Event: 8674.495 Loading class java/util/WeakHashMap$KeyIterator done
Event: 8674.534 Loading class javax/swing/RepaintManager$DisplayChangedRunnable
Event: 8674.534 Loading class javax/swing/RepaintManager$DisplayChangedRunnable done
Event: 8674.630 Loading class sun/awt/image/BufferedImageDevice
Event: 8674.630 Loading class sun/awt/image/BufferedImageDevice done
Event: 8674.631 Loading class sun/awt/image/BufImgVolatileSurfaceManager
Event: 8674.631 Loading class sun/awt/image/BufImgVolatileSurfaceManager done
Event: 14954.508 Loading class java/awt/desktop/SystemSleepListener
Event: 14954.508 Loading class java/awt/desktop/SystemEventListener
Event: 14954.508 Loading class java/awt/desktop/SystemEventListener done
Event: 14954.508 Loading class java/awt/desktop/SystemSleepListener done

Classes unloaded (0 events):
No events

Classes redefined (0 events):
No events

Internal exceptions (20 events):
Event: 4.324 Thread 0x00000227c1adf7c0 Exception <a 'java/io/FileNotFoundException'{0x00000006225caa18}> (0x00000006225caa18) 
thrown [s\src\hotspot\share\prims\jni.cpp, line 518]
Event: 4.324 Thread 0x00000227c1adf7c0 Exception <a 'java/io/FileNotFoundException'{0x00000006225cc160}> (0x00000006225cc160) 
thrown [s\src\hotspot\share\prims\jni.cpp, line 518]
Event: 4.324 Thread 0x00000227c1adf7c0 Exception <a 'java/io/FileNotFoundException'{0x00000006225cd8b0}> (0x00000006225cd8b0) 
thrown [s\src\hotspot\share\prims\jni.cpp, line 518]
Event: 4.324 Thread 0x00000227c1adf7c0 Exception <a 'java/io/FileNotFoundException'{0x00000006225cefc0}> (0x00000006225cefc0) 
thrown [s\src\hotspot\share\prims\jni.cpp, line 518]
Event: 4.324 Thread 0x00000227c1adf7c0 Exception <a 'java/io/FileNotFoundException'{0x00000006225d06c0}> (0x00000006225d06c0) 
thrown [s\src\hotspot\share\prims\jni.cpp, line 518]
Event: 4.324 Thread 0x00000227c1adf7c0 Exception <a 'java/io/FileNotFoundException'{0x00000006225d1e00}> (0x00000006225d1e00) 
thrown [s\src\hotspot\share\prims\jni.cpp, line 518]
Event: 4.324 Thread 0x00000227c1adf7c0 Exception <a 'java/io/FileNotFoundException'{0x00000006225d50a8}> (0x00000006225d50a8) 
thrown [s\src\hotspot\share\prims\jni.cpp, line 518]
Event: 4.324 Thread 0x00000227c1adf7c0 Exception <a 'java/io/FileNotFoundException'{0x00000006225d67c8}> (0x00000006225d67c8) 
thrown [s\src\hotspot\share\prims\jni.cpp, line 518]
Event: 4.324 Thread 0x00000227c1adf7c0 Exception <a 'java/io/FileNotFoundException'{0x00000006225d7f00}> (0x00000006225d7f00) 
thrown [s\src\hotspot\share\prims\jni.cpp, line 518]
Event: 4.325 Thread 0x00000227c1adf7c0 Exception <a 'java/io/FileNotFoundException'{0x00000006225edaa8}> (0x00000006225edaa8) 
thrown [s\src\hotspot\share\prims\jni.cpp, line 518]
Event: 4.325 Thread 0x00000227c1adf7c0 Exception <a 'java/io/FileNotFoundException'{0x00000006225ef1e8}> (0x00000006225ef1e8) 
thrown [s\src\hotspot\share\prims\jni.cpp, line 518]
Event: 4.325 Thread 0x00000227c1adf7c0 Exception <a 'java/io/FileNotFoundException'{0x00000006225f08d0}> (0x00000006225f08d0) 
thrown [s\src\hotspot\share\prims\jni.cpp, line 518]
Event: 4.326 Thread 0x00000227c1adf7c0 Exception <a 'java/io/FileNotFoundException'{0x00000006225f2018}> (0x00000006225f2018) 
thrown [s\src\hotspot\share\prims\jni.cpp, line 518]
Event: 4.326 Thread 0x00000227c1adf7c0 Exception <a 'java/io/FileNotFoundException'{0x00000006225f3768}> (0x00000006225f3768) 
thrown [s\src\hotspot\share\prims\jni.cpp, line 518]
Event: 4.326 Thread 0x00000227c1adf7c0 Exception <a 'java/io/FileNotFoundException'{0x00000006225f6ab0}> (0x00000006225f6ab0) 
thrown [s\src\hotspot\share\prims\jni.cpp, line 518]
Event: 4.326 Thread 0x00000227c1adf7c0 Exception <a 'java/io/FileNotFoundException'{0x00000006225f81b0}> (0x00000006225f81b0) 
thrown [s\src\hotspot\share\prims\jni.cpp, line 518]
Event: 4.326 Thread 0x00000227c1adf7c0 Exception <a 'java/io/FileNotFoundException'{0x00000006225f98f0}> (0x00000006225f98f0) 
thrown [s\src\hotspot\share\prims\jni.cpp, line 518]
Event: 4.326 Thread 0x00000227c1adf7c0 Exception <a 'java/io/FileNotFoundException'{0x00000006225fcb98}> (0x00000006225fcb98) 
thrown [s\src\hotspot\share\prims\jni.cpp, line 518]
Event: 4.326 Thread 0x00000227c1adf7c0 Exception <a 'java/io/FileNotFoundException'{0x00000006225fe2b8}> (0x00000006225fe2b8) 
thrown [s\src\hotspot\share\prims\jni.cpp, line 518]
Event: 4.326 Thread 0x00000227c1adf7c0 Exception <a 'java/io/FileNotFoundException'{0x0000000622600af0}> (0x0000000622600af0) 
thrown [s\src\hotspot\share\prims\jni.cpp, line 518]

VM Operations (20 events):
Event: 0.405 Executing VM operation: HandshakeAllThreads (Deoptimize)
Event: 0.405 Executing VM operation: HandshakeAllThreads (Deoptimize) done
Event: 0.423 Executing VM operation: HandshakeAllThreads (Deoptimize)
Event: 0.423 Executing VM operation: HandshakeAllThreads (Deoptimize) done
Event: 4.312 Executing VM operation: HandshakeAllThreads (Deoptimize)
Event: 4.312 Executing VM operation: HandshakeAllThreads (Deoptimize) done
Event: 60.144 Executing VM operation: HandshakeAllThreads (HandshakeForDeflation)
Event: 60.144 Executing VM operation: HandshakeAllThreads (HandshakeForDeflation) done
Event: 60.144 Executing VM operation: RendezvousGCThreads
Event: 60.144 Executing VM operation: RendezvousGCThreads done
Event: 240.494 Executing VM operation: HandshakeAllThreads (HandshakeForDeflation)
Event: 240.494 Executing VM operation: HandshakeAllThreads (HandshakeForDeflation) done
Event: 240.494 Executing VM operation: RendezvousGCThreads
Event: 240.494 Executing VM operation: RendezvousGCThreads done
Event: 8674.630 Executing VM operation: HandshakeAllThreads (Deoptimize)
Event: 8674.630 Executing VM operation: HandshakeAllThreads (Deoptimize) done
Event: 8715.493 Executing VM operation: HandshakeAllThreads (HandshakeForDeflation)
Event: 8715.493 Executing VM operation: HandshakeAllThreads (HandshakeForDeflation) done
Event: 8715.493 Executing VM operation: RendezvousGCThreads
Event: 8715.493 Executing VM operation: RendezvousGCThreads done

Memory protections (0 events):
No events

Nmethod flushes (0 events):
No events

Events (20 events):
Event: 0.035 Thread 0x00000227c1086720 Thread added: 0x00000227c11c1210
Event: 0.037 Thread 0x00000227c1086720 Thread added: 0x00000227c11f8b10
Event: 0.039 Thread 0x00000227c69153c0 Thread added: 0x00000227c12c9e90
Event: 0.068 Thread 0x00000227c69153c0 Thread added: 0x00000227c1a61c90
Event: 0.069 Thread 0x00000227c69153c0 Thread added: 0x00000227c1a623d0
Event: 0.069 Thread 0x00000227c69153c0 Thread added: 0x00000227c171d370
Event: 0.137 Thread 0x00000227c69153c0 Thread added: 0x00000227c1adf7c0
Event: 0.137 Thread 0x00000227c69153c0 Thread exited: 0x00000227c69153c0
Event: 0.137 Thread 0x00000227c69153c0 Thread added: 0x00000227c69153c0
Event: 0.305 Thread 0x00000227c11f8b10 Thread exited: 0x00000227c11f8b10
Event: 0.358 Thread 0x00000227c11c1210 Thread added: 0x00000227f0fe0da0
Event: 0.386 Thread 0x00000227c1adf7c0 Thread added: 0x00000227f0f066f0
Event: 0.439 Thread 0x00000227c1adf7c0 Thread added: 0x00000227f1166d50
Event: 2.805 Thread 0x00000227f0fe0da0 Thread exited: 0x00000227f0fe0da0
Event: 5.892 Thread 0x00000227c11c1210 Thread exited: 0x00000227c11c1210
Event: 7.818 Thread 0x00000227c1119960 Thread exited: 0x00000227c1119960
Event: 11.211 Thread 0x00000227c1086720 Thread added: 0x00000227c10cdb40
Event: 13.747 Thread 0x00000227c10cdb40 Thread exited: 0x00000227c10cdb40
Event: 8674.639 Thread 0x00000227c1086720 Thread added: 0x00000227f0da0500
Event: 8679.641 Thread 0x00000227f0da0500 Thread exited: 0x00000227f0da0500


Dynamic libraries:
0x00007ff7ef4c0000 - 0x00007ff7ef4ce000 	C:\Program Files\Apache NetBeans\jdk\bin\java.exe
0x00007fffb4f80000 - 0x00007fffb51e8000 	C:\WINDOWS\SYSTEM32\ntdll.dll
0x00007fffb3a10000 - 0x00007fffb3ad9000 	C:\WINDOWS\System32\KERNEL32.DLL
0x00007fffb2380000 - 0x00007fffb2778000 	C:\WINDOWS\System32\KERNELBASE.dll
0x00007fffb2100000 - 0x00007fffb224b000 	C:\WINDOWS\System32\ucrtbase.dll
0x00007fff7bfc0000 - 0x00007fff7bfd6000 	C:\Program Files\Apache NetBeans\jdk\bin\jli.dll
0x00007fff7dd50000 - 0x00007fff7dd6e000 	C:\Program Files\Apache NetBeans\jdk\bin\VCRUNTIME140.dll
0x00007fffb3130000 - 0x00007fffb32f7000 	C:\WINDOWS\System32\USER32.dll
0x00007fff99850000 - 0x00007fff99ae4000 	C:\WINDOWS\WinSxS\amd64_microsoft.windows.common-controls_6595b64144ccf1df_6.0.26100.7019_none_3e06ffa0e335b8a8\COMCTL32.dll
0x00007fffb20d0000 - 0x00007fffb20f7000 	C:\WINDOWS\System32\win32u.dll
0x00007fffb4170000 - 0x00007fffb419b000 	C:\WINDOWS\System32\GDI32.dll
0x00007fffb4900000 - 0x00007fffb49a9000 	C:\WINDOWS\System32\msvcrt.dll
0x00007fffb2250000 - 0x00007fffb237c000 	C:\WINDOWS\System32\gdi32full.dll
0x00007fffb2c70000 - 0x00007fffb2d13000 	C:\WINDOWS\System32\msvcp_win.dll
0x00007fffb4c90000 - 0x00007fffb4cc1000 	C:\WINDOWS\System32\IMM32.DLL
0x00007fff9bfa0000 - 0x00007fff9bfac000 	C:\Program Files\Apache NetBeans\jdk\bin\vcruntime140_1.dll
0x00007fff3b160000 - 0x00007fff3b1ed000 	C:\Program Files\Apache NetBeans\jdk\bin\msvcp140.dll
0x00007ffef91e0000 - 0x00007ffefa05c000 	C:\Program Files\Apache NetBeans\jdk\bin\server\jvm.dll
0x00007fffb4bd0000 - 0x00007fffb4c84000 	C:\WINDOWS\System32\ADVAPI32.dll
0x00007fffb3080000 - 0x00007fffb3126000 	C:\WINDOWS\System32\sechost.dll
0x00007fffb3ae0000 - 0x00007fffb3bf8000 	C:\WINDOWS\System32\RPCRT4.dll
0x00007fffb3500000 - 0x00007fffb3574000 	C:\WINDOWS\System32\WS2_32.dll
0x00007fffb1d90000 - 0x00007fffb1dee000 	C:\WINDOWS\SYSTEM32\POWRPROF.dll
0x00007fffab940000 - 0x00007fffab94b000 	C:\WINDOWS\SYSTEM32\VERSION.dll
0x00007fffa4be0000 - 0x00007fffa4c15000 	C:\WINDOWS\SYSTEM32\WINMM.dll
0x00007fffb1d70000 - 0x00007fffb1d84000 	C:\WINDOWS\SYSTEM32\UMPDC.dll
0x00007fffb0e90000 - 0x00007fffb0eab000 	C:\WINDOWS\SYSTEM32\kernel.appcore.dll
0x00007fff9be00000 - 0x00007fff9be0a000 	C:\Program Files\Apache NetBeans\jdk\bin\jimage.dll
0x00007fffa3940000 - 0x00007fffa3b82000 	C:\WINDOWS\SYSTEM32\DBGHELP.DLL
0x00007fffb3d40000 - 0x00007fffb40cb000 	C:\WINDOWS\System32\combase.dll
0x00007fffb49c0000 - 0x00007fffb4a97000 	C:\WINDOWS\System32\OLEAUT32.dll
0x00007fff94fb0000 - 0x00007fff94fec000 	C:\WINDOWS\SYSTEM32\dbgcore.DLL
0x00007fffb2780000 - 0x00007fffb2825000 	C:\WINDOWS\System32\bcryptPrimitives.dll
0x00007fff7dd30000 - 0x00007fff7dd4e000 	C:\Program Files\Apache NetBeans\jdk\bin\java.dll
0x00007fffb4d50000 - 0x00007fffb4ee7000 	C:\WINDOWS\System32\ole32.dll
0x00007fffb41a0000 - 0x00007fffb48ef000 	C:\WINDOWS\System32\SHELL32.dll
0x00007fffb28c0000 - 0x00007fffb2a2b000 	C:\WINDOWS\System32\wintypes.dll
0x00007fffafd30000 - 0x00007fffb058d000 	C:\WINDOWS\SYSTEM32\windows.storage.dll
0x00007fffb2f80000 - 0x00007fffb3072000 	C:\WINDOWS\System32\SHCORE.dll
0x00007fffb2d30000 - 0x00007fffb2d97000 	C:\WINDOWS\System32\shlwapi.dll
0x00007fffb1fc0000 - 0x00007fffb1fe9000 	C:\WINDOWS\SYSTEM32\profapi.dll
0x00007fff48a80000 - 0x00007fff48b57000 	C:\Program Files\Apache NetBeans\jdk\bin\jsvml.dll
0x00007fff98440000 - 0x00007fff98450000 	C:\Program Files\Apache NetBeans\jdk\bin\net.dll
0x00007fffb1400000 - 0x00007fffb146b000 	C:\WINDOWS\system32\mswsock.dll
0x00007fff7be90000 - 0x00007fff7bea6000 	C:\Program Files\Apache NetBeans\jdk\bin\nio.dll
0x00007fff37e30000 - 0x00007fff37fae000 	C:\Program Files\Apache NetBeans\jdk\bin\awt.dll
0x00007fffaf1b0000 - 0x00007fffaf24f000 	C:\WINDOWS\SYSTEM32\apphelp.dll
0x00007fffaf300000 - 0x00007fffaf3aa000 	C:\WINDOWS\system32\uxtheme.dll
0x00007fffb3390000 - 0x00007fffb34ee000 	C:\WINDOWS\System32\MSCTF.dll
0x00007fffaf680000 - 0x00007fffaf6b0000 	C:\WINDOWS\system32\DWMAPI.DLL
0x00007fff3adb0000 - 0x00007fff3ae37000 	C:\Program Files\Apache NetBeans\jdk\bin\freetype.dll
0x00007fff3a4d0000 - 0x00007fff3a5b9000 	C:\Program Files\Apache NetBeans\jdk\bin\fontmanager.dll
0x00007fffb16d0000 - 0x00007fffb16eb000 	C:\WINDOWS\SYSTEM32\CRYPTSP.dll
0x00007fffb0df0000 - 0x00007fffb0e2a000 	C:\WINDOWS\system32\rsaenh.dll
0x00007fffb14b0000 - 0x00007fffb14db000 	C:\WINDOWS\SYSTEM32\USERENV.dll
0x00007fffb1ff0000 - 0x00007fffb201a000 	C:\WINDOWS\SYSTEM32\bcrypt.dll
0x00007fffb16c0000 - 0x00007fffb16cc000 	C:\WINDOWS\SYSTEM32\CRYPTBASE.dll
0x00007fffb08a0000 - 0x00007fffb08d4000 	C:\WINDOWS\SYSTEM32\IPHLPAPI.DLL
0x00007fffb3c00000 - 0x00007fffb3c0a000 	C:\WINDOWS\System32\NSI.dll
0x00007fff48960000 - 0x00007fff48a6c000 	C:\WINDOWS\system32\opengl32.dll
0x00007fff8b0a0000 - 0x00007fff8b0cd000 	C:\WINDOWS\SYSTEM32\GLU32.dll
0x00007fffaf4d0000 - 0x00007fffaf513000 	C:\WINDOWS\SYSTEM32\dxcore.dll
0x00007fffb17f0000 - 0x00007fffb1803000 	C:\WINDOWS\SYSTEM32\msasn1.dll
0x00007fffaa2b0000 - 0x00007fffaa2eb000 	C:\WINDOWS\SYSTEM32\cryptnet.dll
0x00007fffb2a30000 - 0x00007fffb2ba7000 	C:\WINDOWS\System32\CRYPT32.dll
0x00007fffb1780000 - 0x00007fffb17e5000 	C:\WINDOWS\SYSTEM32\wldp.dll
0x00007fffaa020000 - 0x00007fffaa19b000 	C:\WINDOWS\SYSTEM32\drvstore.dll
0x00007fffb1c90000 - 0x00007fffb1cbd000 	C:\WINDOWS\SYSTEM32\devobj.dll
0x00007fffb1cc0000 - 0x00007fffb1d17000 	C:\WINDOWS\SYSTEM32\cfgmgr32.dll
0x00007fffb2830000 - 0x00007fffb28af000 	C:\WINDOWS\System32\wintrust.dll
0x00007fffb4ba0000 - 0x00007fffb4bc0000 	C:\WINDOWS\System32\imagehlp.dll
0x00007fff7e2f0000 - 0x00007fff7e437000 	C:\WINDOWS\system32\nvspcap64.dll
0x00007fffb0fb0000 - 0x00007fffb0fe6000 	C:\WINDOWS\SYSTEM32\ntmarta.dll
0x00007fffb1470000 - 0x00007fffb14a2000 	C:\WINDOWS\SYSTEM32\gpapi.dll
0x00007fff6eb50000 - 0x00007fff6ed07000 	C:\WINDOWS\System32\DriverStore\FileRepository\nv_dispi.inf_amd64_d471cab2f241c3c2\nvppex.dll
0x00007fffb3c10000 - 0x00007fffb3cc0000 	C:\WINDOWS\System32\clbcatq.dll
0x00007fffada00000 - 0x00007fffadc30000 	C:\WINDOWS\SYSTEM32\WindowsCodecs.dll
0x00007fff94930000 - 0x00007fff9498a000 	C:\WINDOWS\system32\dataexchange.dll
0x00007fffa4d00000 - 0x00007fffa4f44000 	C:\WINDOWS\system32\twinapi.appcore.dll
0x00007fff8ae10000 - 0x00007fff8af57000 	C:\WINDOWS\SYSTEM32\textinputframework.dll
0x00007fffae5e0000 - 0x00007fffae707000 	C:\WINDOWS\SYSTEM32\CoreMessaging.dll
0x00007fffaadc0000 - 0x00007fffab0a2000 	C:\WINDOWS\SYSTEM32\CoreUIComponents.dll

JVMTI agents: none

dbghelp: loaded successfully - version: 4.0.5 - missing functions: none
symbol engine: initialized successfully - sym options: 0x614 - pdb path: .;C:\Program Files\Apache NetBeans\jdk\bin;C:\WINDOWS\SYSTEM32;C:\WINDOWS\WinSxS\amd64_microsoft.windows.common-controls_6595b64144ccf1df_6.0.26100.7019_none_3e06ffa0e335b8a8;C:\Program Files\Apache NetBeans\jdk\bin\server;C:\WINDOWS\System32\DriverStore\FileRepository\nv_dispi.inf_amd64_d471cab2f241c3c2

VM Arguments:
jvm_args: -Dfile.encoding=UTF-8 --module-path=C:\Users\amade\Desktop\OOP_Project-initializer-changes\Stage 3\Swiftbytes\build\classes 
java_command: swiftbytes.LoginGUI
java_class_path (initial): C:\Users\amade\Desktop\OOP_Project-initializer-changes\Stage 3\Swiftbytes\build\classes
Launcher Type: SUN_STANDARD

[Global flags]
     intx CICompilerCount                          = 12                                        {product} {ergonomic}
     uint ConcGCThreads                            = 5                                         {product} {ergonomic}
     uint G1ConcRefinementThreads                  = 18                                        {product} {ergonomic}
   size_t G1HeapRegionSize                         = 4194304                                   {product} {ergonomic}
   size_t InitialHeapSize                          = 532676608                                 {product} {ergonomic}
   size_t MarkStackSize                            = 4194304                                   {product} {ergonomic}
   size_t MarkStackSizeMax                         = 536870912                                 {product} {ergonomic}
   size_t MaxHeapSize                              = 8522825728                                {product} {ergonomic}
   size_t MaxNewSize                               = 5112856576                                {product} {ergonomic}
   size_t MinHeapDeltaBytes                        = 4194304                                   {product} {ergonomic}
   size_t MinHeapSize                              = 8388608                                   {product} {ergonomic}
    uintx NonNMethodCodeHeapSize                   = 7602176                                {pd product} {ergonomic}
    uintx NonProfiledCodeHeapSize                  = 122093568                              {pd product} {ergonomic}
    uintx ProfiledCodeHeapSize                     = 121962496                              {pd product} {ergonomic}
    uintx ReservedCodeCacheSize                    = 251658240                              {pd product} {ergonomic}
     bool SegmentedCodeCache                       = true                                      {product} {ergonomic}
   size_t SoftMaxHeapSize                          = 8522825728                             {manageable} {ergonomic}
     bool UseCompressedOops                        = true                           {product lp64_product} {ergonomic}
     bool UseG1GC                                  = true                                      {product} {ergonomic}
     bool UseLargePagesIndividualAllocation        = false                                  {pd product} {ergonomic}

Logging:
Log output configuration:
 #0: stdout all=warning uptime,level,tags foldmultilines=false
 #1: stderr all=off uptime,level,tags foldmultilines=false

Environment Variables:
JAVA_HOME=C:\Program Files\Java\jdk-21
PATH=C:\Program Files\Common Files\Oracle\Java\javapath;C:\Windows\system32;C:\Windows;C:\Windows\System32\Wbem;C:\Windows\System32\WindowsPowerShell\v1.0\;C:\Windows\System32\OpenSSH\;C:\Program Files (x86)\NVIDIA Corporation\PhysX\Common;C:\WINDOWS\system32;C:\WINDOWS;C:\WINDOWS\System32\Wbem;C:\WINDOWS\System32\WindowsPowerShell\v1.0\;C:\WINDOWS\System32\OpenSSH\;C:\WINDOWS\system32;C:\WINDOWS;C:\WINDOWS\System32\Wbem;C:\WINDOWS\System32\WindowsPowerShell\v1.0\;C:\WINDOWS\System32\OpenSSH\;C:\Program Files\NVIDIA Corporation\NVIDIA app\NvDLISR;C:\Program Files\dotnet\;C:\Program Files\Java\jdk-21\bin;C:\Program Files\Common Files\Oracle\Java\javapath;C:\Windows\system32;C:\Windows;C:\Windows\System32\Wbem;C:\Windows\System32\WindowsPowerShell\v1.0\;C:\Windows\System32\OpenSSH\;C:\Program Files (x86)\NVIDIA Corporation\PhysX\Common;C:\WINDOWS\system32;C:\WINDOWS;C:\WINDOWS\System32\Wbem;C:\WINDOWS\System32\WindowsPowerShell\v1.0\;C:\WINDOWS\System32\OpenSSH\;C:\WINDOWS\system32;C:\WINDOWS;C:\WINDOWS\System32\Wbem;C:\WINDOWS\System32\WindowsPowerShell\v1.0\;C:\WINDOWS\System32\OpenSSH\;C:\Program Files\NVIDIA Corporation\NVIDIA app\NvDLISR;C:\Program Files\dotnet\;C:\Users\amade\AppData\Local\Microsoft\WindowsApps;C:\Users\amade\AppData\Local\Programs\Microsoft VS Code\bin;C:\Users\amade\AppData\Local\GitHubDesktop\bin
USERNAME=amade
OS=Windows_NT
PROCESSOR_IDENTIFIER=Intel64 Family 6 Model 151 Stepping 2, GenuineIntel
TMP=C:\Users\amade\AppData\Local\Temp
TEMP=C:\Users\amade\AppData\Local\Temp




Periodic native trim disabled

---------------  S Y S T E M  ---------------

OS:
 Windows 11 , 64 bit Build 26100 (10.0.26100.7019)
OS uptime: 0 days 12:57 hours

CPU: total 24 (initial active 24) (12 cores per cpu, 2 threads per core) family 6 model 151 stepping 2 microcode 0xf, cx8, cmov, fxsr, ht, mmx, 3dnowpref, sse, sse2, sse3, ssse3, sse4.1, sse4.2, popcnt, lzcnt, tsc, tscinvbit, avx, avx2, aes, erms, clmul, bmi1, bmi2, adx, sha, fma, vzeroupper, clflush, clflushopt, clwb, serialize, rdtscp, rdpid, fsrm, gfni, f16c, pku, cet_ibt, cet_ss
Processor Information for processor 0
  Max Mhz: 3187, Current Mhz: 3187, Mhz Limit: 3187
Processor Information for processor 1
  Max Mhz: 3187, Current Mhz: 3187, Mhz Limit: 3187
Processor Information for processor 2
  Max Mhz: 3187, Current Mhz: 3187, Mhz Limit: 3187
Processor Information for processor 3
  Max Mhz: 3187, Current Mhz: 3187, Mhz Limit: 3187
Processor Information for processor 4
  Max Mhz: 3187, Current Mhz: 3187, Mhz Limit: 3187
Processor Information for processor 5
  Max Mhz: 3187, Current Mhz: 3187, Mhz Limit: 3187
Processor Information for processor 6
  Max Mhz: 3187, Current Mhz: 3187, Mhz Limit: 3187
Processor Information for processor 7
  Max Mhz: 3187, Current Mhz: 3187, Mhz Limit: 3187
Processor Information for processor 8
  Max Mhz: 3187, Current Mhz: 3187, Mhz Limit: 3187
Processor Information for processor 9
  Max Mhz: 3187, Current Mhz: 3187, Mhz Limit: 3187
Processor Information for processor 10
  Max Mhz: 3187, Current Mhz: 3187, Mhz Limit: 3187
Processor Information for processor 11
  Max Mhz: 3187, Current Mhz: 3187, Mhz Limit: 3187
Processor Information for processor 12
  Max Mhz: 3187, Current Mhz: 3187, Mhz Limit: 3187
Processor Information for processor 13
  Max Mhz: 3187, Current Mhz: 3187, Mhz Limit: 3187
Processor Information for processor 14
  Max Mhz: 3187, Current Mhz: 3187, Mhz Limit: 3187
Processor Information for processor 15
  Max Mhz: 3187, Current Mhz: 3187, Mhz Limit: 3187
Processor Information for processor 16
  Max Mhz: 3187, Current Mhz: 2390, Mhz Limit: 2390
Processor Information for processor 17
  Max Mhz: 3187, Current Mhz: 2390, Mhz Limit: 2390
Processor Information for processor 18
  Max Mhz: 3187, Current Mhz: 2390, Mhz Limit: 2390
Processor Information for processor 19
  Max Mhz: 3187, Current Mhz: 2390, Mhz Limit: 2390
Processor Information for processor 20
  Max Mhz: 3187, Current Mhz: 2390, Mhz Limit: 2390
Processor Information for processor 21
  Max Mhz: 3187, Current Mhz: 2390, Mhz Limit: 2390
Processor Information for processor 22
  Max Mhz: 3187, Current Mhz: 2390, Mhz Limit: 2390
Processor Information for processor 23
  Max Mhz: 3187, Current Mhz: 2390, Mhz Limit: 2390

Memory: 4k page, system-wide physical 32509M (17843M free)
TotalPageFile size 37117M (AvailPageFile size 16907M)
current process WorkingSet (physical memory assigned to process): 139M, peak: 159M
current process commit charge ("private bytes"): 676M, peak: 747M

vm_info: OpenJDK 64-Bit Server VM (24.0.2+12) for windows-amd64 JRE (24.0.2+12) (Zulu24.32+13-CA), built on 2025-07-11T12:45:44Z with MS VC++ 17.1 (VS2022)

END.
